2018-04-24 22:47:19.212  INFO 27651 --- [main] org.xxpay.boot.XxPayBootAppliaction      : Starting XxPayBootAppliaction on yoga with PID 27651 (/media/e/code/dev/xxpay-master/xxpay4spring-boot/target/classes started by arimis in /media/e/code/dev/xxpay-master/xxpay4spring-boot)
2018-04-24 22:47:19.215  INFO 27651 --- [main] org.xxpay.boot.XxPayBootAppliaction      : The following profiles are active: activeMQ,prod
2018-04-24 22:47:19.298  INFO 27651 --- [main] ationConfigEmbeddedWebApplicationContext : Refreshing org.springframework.boot.context.embedded.AnnotationConfigEmbeddedWebApplicationContext@4218d6a3: startup date [Tue Apr 24 22:47:19 CST 2018]; root of context hierarchy
2018-04-24 22:47:22.855  INFO 27651 --- [main] trationDelegate$BeanPostProcessorChecker : Bean 'org.springframework.amqp.rabbit.annotation.RabbitBootstrapConfiguration' of type [org.springframework.amqp.rabbit.annotation.RabbitBootstrapConfiguration$$EnhancerBySpringCGLIB$$301bf7c7] is not eligible for getting processed by all BeanPostProcessors (for example: not eligible for auto-proxying)
2018-04-24 22:47:24.439  INFO 27651 --- [main] s.b.c.e.t.TomcatEmbeddedServletContainer : Tomcat initialized with port(s): 3020 (http)
2018-04-24 22:47:24.458  INFO 27651 --- [main] o.apache.catalina.core.StandardService   : Starting service [Tomcat]
2018-04-24 22:47:24.459  INFO 27651 --- [main] org.apache.catalina.core.StandardEngine  : Starting Servlet Engine: Apache Tomcat/8.5.16
2018-04-24 22:47:24.638  INFO 27651 --- [localhost-startStop-1] o.a.c.c.C.[Tomcat].[localhost].[/]       : Initializing Spring embedded WebApplicationContext
2018-04-24 22:47:24.641  INFO 27651 --- [localhost-startStop-1] o.s.web.context.ContextLoader            : Root WebApplicationContext: initialization completed in 5348 ms
2018-04-24 22:47:24.941  INFO 27651 --- [localhost-startStop-1] o.s.b.w.servlet.ServletRegistrationBean  : Mapping servlet: 'dispatcherServlet' to [/]
2018-04-24 22:47:24.947  INFO 27651 --- [localhost-startStop-1] o.s.b.w.servlet.FilterRegistrationBean   : Mapping filter: 'characterEncodingFilter' to: [/*]
2018-04-24 22:47:24.948  INFO 27651 --- [localhost-startStop-1] o.s.b.w.servlet.FilterRegistrationBean   : Mapping filter: 'hiddenHttpMethodFilter' to: [/*]
2018-04-24 22:47:24.948  INFO 27651 --- [localhost-startStop-1] o.s.b.w.servlet.FilterRegistrationBean   : Mapping filter: 'httpPutFormContentFilter' to: [/*]
2018-04-24 22:47:24.948  INFO 27651 --- [localhost-startStop-1] o.s.b.w.servlet.FilterRegistrationBean   : Mapping filter: 'requestContextFilter' to: [/*]
2018-04-24 22:47:26.069  INFO 27651 --- [main] com.alibaba.druid.pool.DruidDataSource   : {dataSource-1} inited
2018-04-24 22:47:29.608  INFO 27651 --- [main] s.w.s.m.m.a.RequestMappingHandlerAdapter : Looking for @ControllerAdvice: org.springframework.boot.context.embedded.AnnotationConfigEmbeddedWebApplicationContext@4218d6a3: startup date [Tue Apr 24 22:47:19 CST 2018]; root of context hierarchy
2018-04-24 22:47:29.809  INFO 27651 --- [main] s.w.s.m.m.a.RequestMappingHandlerMapping : Mapped "{[/notify/pay/aliPayNotifyRes.htm]}" onto public java.lang.String org.xxpay.boot.ctrl.Notify4AliPayController.aliPayNotifyRes(javax.servlet.http.HttpServletRequest) throws javax.servlet.ServletException,java.io.IOException
2018-04-24 22:47:29.811  INFO 27651 --- [main] s.w.s.m.m.a.RequestMappingHandlerMapping : Mapped "{[/notify/pay/wxPayNotifyRes.htm]}" onto public java.lang.String org.xxpay.boot.ctrl.Notify4WxPayController.wxPayNotifyRes(javax.servlet.http.HttpServletRequest) throws javax.servlet.ServletException,java.io.IOException
2018-04-24 22:47:29.813  INFO 27651 --- [main] s.w.s.m.m.a.RequestMappingHandlerMapping : Mapped "{[/api/pay/create_order],consumes=[application/json],produces=[application/json]}" onto public java.lang.String org.xxpay.boot.ctrl.PayOrderController.payOrder(com.alibaba.fastjson.JSONObject)
2018-04-24 22:47:29.814  INFO 27651 --- [main] s.w.s.m.m.a.RequestMappingHandlerMapping : Mapped "{[/api/pay/create_order]}" onto public java.lang.String org.xxpay.boot.ctrl.PayOrderController.payOrder(java.lang.String)
2018-04-24 22:47:29.815  INFO 27651 --- [main] s.w.s.m.m.a.RequestMappingHandlerMapping : Mapped "{[/api/pay/query_order],consumes=[application/json],produces=[application/json]}" onto public java.lang.String org.xxpay.boot.ctrl.QueryPayOrderController.queryPayOrder(com.alibaba.fastjson.JSONObject)
2018-04-24 22:47:29.815  INFO 27651 --- [main] s.w.s.m.m.a.RequestMappingHandlerMapping : Mapped "{[/api/pay/query_order]}" onto public java.lang.String org.xxpay.boot.ctrl.QueryPayOrderController.queryPayOrder(java.lang.String)
2018-04-24 22:47:29.818  INFO 27651 --- [main] s.w.s.m.m.a.RequestMappingHandlerMapping : Mapped "{[/error],produces=[text/html]}" onto public org.springframework.web.servlet.ModelAndView org.springframework.boot.autoconfigure.web.BasicErrorController.errorHtml(javax.servlet.http.HttpServletRequest,javax.servlet.http.HttpServletResponse)
2018-04-24 22:47:29.819  INFO 27651 --- [main] s.w.s.m.m.a.RequestMappingHandlerMapping : Mapped "{[/error]}" onto public org.springframework.http.ResponseEntity<java.util.Map<java.lang.String, java.lang.Object>> org.springframework.boot.autoconfigure.web.BasicErrorController.error(javax.servlet.http.HttpServletRequest)
2018-04-24 22:47:29.904  INFO 27651 --- [main] o.s.w.s.handler.SimpleUrlHandlerMapping  : Mapped URL path [/webjars/**] onto handler of type [class org.springframework.web.servlet.resource.ResourceHttpRequestHandler]
2018-04-24 22:47:29.912  INFO 27651 --- [main] o.s.w.s.handler.SimpleUrlHandlerMapping  : Mapped URL path [/**] onto handler of type [class org.springframework.web.servlet.resource.ResourceHttpRequestHandler]
2018-04-24 22:47:30.045  INFO 27651 --- [main] o.s.w.s.handler.SimpleUrlHandlerMapping  : Mapped URL path [/**/favicon.ico] onto handler of type [class org.springframework.web.servlet.resource.ResourceHttpRequestHandler]
2018-04-24 22:47:30.712  INFO 27651 --- [main] o.s.ui.freemarker.SpringTemplateLoader   : SpringTemplateLoader for FreeMarker: using resource loader [org.springframework.boot.context.embedded.AnnotationConfigEmbeddedWebApplicationContext@4218d6a3: startup date [Tue Apr 24 22:47:19 CST 2018]; root of context hierarchy] and template loader path [classpath:/templates/]
2018-04-24 22:47:30.714  INFO 27651 --- [main] o.s.w.s.v.f.FreeMarkerConfigurer         : ClassTemplateLoader for Spring macros added to FreeMarker configuration
2018-04-24 22:47:30.747  WARN 27651 --- [main] o.s.b.a.f.FreeMarkerAutoConfiguration    : Cannot find template location(s): [classpath:/templates/] (please add some templates, check your FreeMarker configuration, or set spring.freemarker.checkTemplateLocation=false)
2018-04-24 22:47:31.031  INFO 27651 --- [main] o.s.j.e.a.AnnotationMBeanExporter        : Registering beans for JMX exposure on startup
2018-04-24 22:47:31.033  INFO 27651 --- [main] o.s.j.e.a.AnnotationMBeanExporter        : Bean with name 'dataSource' has been autodetected for JMX exposure
2018-04-24 22:47:31.043  INFO 27651 --- [main] o.s.j.e.a.AnnotationMBeanExporter        : Bean with name 'rabbitConnectionFactory' has been autodetected for JMX exposure
2018-04-24 22:47:31.046  INFO 27651 --- [main] o.s.j.e.a.AnnotationMBeanExporter        : Located MBean 'dataSource': registering with JMX server as MBean [com.alibaba.druid.pool:name=dataSource,type=DruidDataSource]
2018-04-24 22:47:31.047  INFO 27651 --- [main] o.s.j.e.a.AnnotationMBeanExporter        : Located managed bean 'rabbitConnectionFactory': registering with JMX server as MBean [org.springframework.amqp.rabbit.connection:name=rabbitConnectionFactory,type=CachingConnectionFactory]
2018-04-24 22:47:31.103  INFO 27651 --- [main] o.s.c.support.DefaultLifecycleProcessor  : Starting beans in phase -2147482648
2018-04-24 22:47:31.104  INFO 27651 --- [main] o.s.c.support.DefaultLifecycleProcessor  : Starting beans in phase 2147483647
2018-04-24 22:47:36.564  WARN 27651 --- [ActiveMQ Task-1] o.a.a.t.failover.FailoverTransport       : Failed to connect to [tcp://127.0.0.1:61616?wireFormat.maxInactivityDuration=0] after: 10 attempt(s) continuing to retry.
2018-04-24 22:52:53.744  INFO 28032 --- [main] org.xxpay.boot.XxPayBootAppliaction      : Starting XxPayBootAppliaction on yoga with PID 28032 (/media/e/code/dev/xxpay-master/xxpay4spring-boot/target/classes started by arimis in /media/e/code/dev/xxpay-master/xxpay4spring-boot)
2018-04-24 22:52:53.754  INFO 28032 --- [main] org.xxpay.boot.XxPayBootAppliaction      : The following profiles are active: activeMQ,prod
2018-04-24 22:52:53.862  INFO 28032 --- [main] ationConfigEmbeddedWebApplicationContext : Refreshing org.springframework.boot.context.embedded.AnnotationConfigEmbeddedWebApplicationContext@4218d6a3: startup date [Tue Apr 24 22:52:53 CST 2018]; root of context hierarchy
2018-04-24 22:52:56.787  INFO 28032 --- [main] trationDelegate$BeanPostProcessorChecker : Bean 'org.springframework.amqp.rabbit.annotation.RabbitBootstrapConfiguration' of type [org.springframework.amqp.rabbit.annotation.RabbitBootstrapConfiguration$$EnhancerBySpringCGLIB$$83fb846b] is not eligible for getting processed by all BeanPostProcessors (for example: not eligible for auto-proxying)
2018-04-24 22:52:57.983  INFO 28032 --- [main] s.b.c.e.t.TomcatEmbeddedServletContainer : Tomcat initialized with port(s): 3020 (http)
2018-04-24 22:52:58.003  INFO 28032 --- [main] o.apache.catalina.core.StandardService   : Starting service [Tomcat]
2018-04-24 22:52:58.005  INFO 28032 --- [main] org.apache.catalina.core.StandardEngine  : Starting Servlet Engine: Apache Tomcat/8.5.16
2018-04-24 22:52:58.224  INFO 28032 --- [localhost-startStop-1] o.a.c.c.C.[Tomcat].[localhost].[/]       : Initializing Spring embedded WebApplicationContext
2018-04-24 22:52:58.224  INFO 28032 --- [localhost-startStop-1] o.s.web.context.ContextLoader            : Root WebApplicationContext: initialization completed in 4370 ms
2018-04-24 22:52:58.516  INFO 28032 --- [localhost-startStop-1] o.s.b.w.servlet.ServletRegistrationBean  : Mapping servlet: 'dispatcherServlet' to [/]
2018-04-24 22:52:58.522  INFO 28032 --- [localhost-startStop-1] o.s.b.w.servlet.FilterRegistrationBean   : Mapping filter: 'characterEncodingFilter' to: [/*]
2018-04-24 22:52:58.523  INFO 28032 --- [localhost-startStop-1] o.s.b.w.servlet.FilterRegistrationBean   : Mapping filter: 'hiddenHttpMethodFilter' to: [/*]
2018-04-24 22:52:58.523  INFO 28032 --- [localhost-startStop-1] o.s.b.w.servlet.FilterRegistrationBean   : Mapping filter: 'httpPutFormContentFilter' to: [/*]
2018-04-24 22:52:58.523  INFO 28032 --- [localhost-startStop-1] o.s.b.w.servlet.FilterRegistrationBean   : Mapping filter: 'requestContextFilter' to: [/*]
2018-04-24 22:52:59.295  INFO 28032 --- [main] com.alibaba.druid.pool.DruidDataSource   : {dataSource-1} inited
2018-04-24 22:53:01.372  INFO 28032 --- [main] s.w.s.m.m.a.RequestMappingHandlerAdapter : Looking for @ControllerAdvice: org.springframework.boot.context.embedded.AnnotationConfigEmbeddedWebApplicationContext@4218d6a3: startup date [Tue Apr 24 22:52:53 CST 2018]; root of context hierarchy
2018-04-24 22:53:01.476  INFO 28032 --- [main] s.w.s.m.m.a.RequestMappingHandlerMapping : Mapped "{[/notify/pay/aliPayNotifyRes.htm]}" onto public java.lang.String org.xxpay.boot.ctrl.Notify4AliPayController.aliPayNotifyRes(javax.servlet.http.HttpServletRequest) throws javax.servlet.ServletException,java.io.IOException
2018-04-24 22:53:01.477  INFO 28032 --- [main] s.w.s.m.m.a.RequestMappingHandlerMapping : Mapped "{[/notify/pay/wxPayNotifyRes.htm]}" onto public java.lang.String org.xxpay.boot.ctrl.Notify4WxPayController.wxPayNotifyRes(javax.servlet.http.HttpServletRequest) throws javax.servlet.ServletException,java.io.IOException
2018-04-24 22:53:01.480  INFO 28032 --- [main] s.w.s.m.m.a.RequestMappingHandlerMapping : Mapped "{[/api/pay/create_order],consumes=[application/json],produces=[application/json]}" onto public java.lang.String org.xxpay.boot.ctrl.PayOrderController.payOrder(com.alibaba.fastjson.JSONObject)
2018-04-24 22:53:01.484  INFO 28032 --- [main] s.w.s.m.m.a.RequestMappingHandlerMapping : Mapped "{[/api/pay/create_order]}" onto public java.lang.String org.xxpay.boot.ctrl.PayOrderController.payOrder(java.lang.String)
2018-04-24 22:53:01.488  INFO 28032 --- [main] s.w.s.m.m.a.RequestMappingHandlerMapping : Mapped "{[/api/pay/query_order],consumes=[application/json],produces=[application/json]}" onto public java.lang.String org.xxpay.boot.ctrl.QueryPayOrderController.queryPayOrder(com.alibaba.fastjson.JSONObject)
2018-04-24 22:53:01.489  INFO 28032 --- [main] s.w.s.m.m.a.RequestMappingHandlerMapping : Mapped "{[/api/pay/query_order]}" onto public java.lang.String org.xxpay.boot.ctrl.QueryPayOrderController.queryPayOrder(java.lang.String)
2018-04-24 22:53:01.492  INFO 28032 --- [main] s.w.s.m.m.a.RequestMappingHandlerMapping : Mapped "{[/error],produces=[text/html]}" onto public org.springframework.web.servlet.ModelAndView org.springframework.boot.autoconfigure.web.BasicErrorController.errorHtml(javax.servlet.http.HttpServletRequest,javax.servlet.http.HttpServletResponse)
2018-04-24 22:53:01.494  INFO 28032 --- [main] s.w.s.m.m.a.RequestMappingHandlerMapping : Mapped "{[/error]}" onto public org.springframework.http.ResponseEntity<java.util.Map<java.lang.String, java.lang.Object>> org.springframework.boot.autoconfigure.web.BasicErrorController.error(javax.servlet.http.HttpServletRequest)
2018-04-24 22:53:01.561  INFO 28032 --- [main] o.s.w.s.handler.SimpleUrlHandlerMapping  : Mapped URL path [/webjars/**] onto handler of type [class org.springframework.web.servlet.resource.ResourceHttpRequestHandler]
2018-04-24 22:53:01.561  INFO 28032 --- [main] o.s.w.s.handler.SimpleUrlHandlerMapping  : Mapped URL path [/**] onto handler of type [class org.springframework.web.servlet.resource.ResourceHttpRequestHandler]
2018-04-24 22:53:01.653  INFO 28032 --- [main] o.s.w.s.handler.SimpleUrlHandlerMapping  : Mapped URL path [/**/favicon.ico] onto handler of type [class org.springframework.web.servlet.resource.ResourceHttpRequestHandler]
2018-04-24 22:53:02.306  INFO 28032 --- [main] o.s.ui.freemarker.SpringTemplateLoader   : SpringTemplateLoader for FreeMarker: using resource loader [org.springframework.boot.context.embedded.AnnotationConfigEmbeddedWebApplicationContext@4218d6a3: startup date [Tue Apr 24 22:52:53 CST 2018]; root of context hierarchy] and template loader path [classpath:/templates/]
2018-04-24 22:53:02.307  INFO 28032 --- [main] o.s.w.s.v.f.FreeMarkerConfigurer         : ClassTemplateLoader for Spring macros added to FreeMarker configuration
2018-04-24 22:53:02.332  WARN 28032 --- [main] o.s.b.a.f.FreeMarkerAutoConfiguration    : Cannot find template location(s): [classpath:/templates/] (please add some templates, check your FreeMarker configuration, or set spring.freemarker.checkTemplateLocation=false)
2018-04-24 22:53:02.536  INFO 28032 --- [main] o.s.j.e.a.AnnotationMBeanExporter        : Registering beans for JMX exposure on startup
2018-04-24 22:53:02.538  INFO 28032 --- [main] o.s.j.e.a.AnnotationMBeanExporter        : Bean with name 'dataSource' has been autodetected for JMX exposure
2018-04-24 22:53:02.551  INFO 28032 --- [main] o.s.j.e.a.AnnotationMBeanExporter        : Bean with name 'rabbitConnectionFactory' has been autodetected for JMX exposure
2018-04-24 22:53:02.555  INFO 28032 --- [main] o.s.j.e.a.AnnotationMBeanExporter        : Located MBean 'dataSource': registering with JMX server as MBean [com.alibaba.druid.pool:name=dataSource,type=DruidDataSource]
2018-04-24 22:53:02.557  INFO 28032 --- [main] o.s.j.e.a.AnnotationMBeanExporter        : Located managed bean 'rabbitConnectionFactory': registering with JMX server as MBean [org.springframework.amqp.rabbit.connection:name=rabbitConnectionFactory,type=CachingConnectionFactory]
2018-04-24 22:53:02.613  INFO 28032 --- [main] o.s.c.support.DefaultLifecycleProcessor  : Starting beans in phase -2147482648
2018-04-24 22:53:02.614  INFO 28032 --- [main] o.s.c.support.DefaultLifecycleProcessor  : Starting beans in phase 2147483647
2018-04-24 22:53:07.962  WARN 28032 --- [ActiveMQ Task-1] o.a.a.t.failover.FailoverTransport       : Failed to connect to [tcp://127.0.0.1:61616?wireFormat.maxInactivityDuration=0] after: 10 attempt(s) continuing to retry.
2018-04-24 22:53:56.396  INFO 28095 --- [main] org.xxpay.boot.XxPayBootAppliaction      : Starting XxPayBootAppliaction on yoga with PID 28095 (/media/e/code/dev/xxpay-master/xxpay4spring-boot/target/classes started by arimis in /media/e/code/dev/xxpay-master/xxpay4spring-boot)
2018-04-24 22:53:56.403  INFO 28095 --- [main] org.xxpay.boot.XxPayBootAppliaction      : The following profiles are active: activeMQ,prod
2018-04-24 22:53:56.559  INFO 28095 --- [main] ationConfigEmbeddedWebApplicationContext : Refreshing org.springframework.boot.context.embedded.AnnotationConfigEmbeddedWebApplicationContext@4218d6a3: startup date [Tue Apr 24 22:53:56 CST 2018]; root of context hierarchy
2018-04-24 22:53:59.040  INFO 28095 --- [main] trationDelegate$BeanPostProcessorChecker : Bean 'org.springframework.amqp.rabbit.annotation.RabbitBootstrapConfiguration' of type [org.springframework.amqp.rabbit.annotation.RabbitBootstrapConfiguration$$EnhancerBySpringCGLIB$$83fb846b] is not eligible for getting processed by all BeanPostProcessors (for example: not eligible for auto-proxying)
2018-04-24 22:54:00.446  INFO 28095 --- [main] s.b.c.e.t.TomcatEmbeddedServletContainer : Tomcat initialized with port(s): 3020 (http)
2018-04-24 22:54:00.519  INFO 28095 --- [main] o.apache.catalina.core.StandardService   : Starting service [Tomcat]
2018-04-24 22:54:00.522  INFO 28095 --- [main] org.apache.catalina.core.StandardEngine  : Starting Servlet Engine: Apache Tomcat/8.5.16
2018-04-24 22:54:01.032  INFO 28095 --- [localhost-startStop-1] o.a.c.c.C.[Tomcat].[localhost].[/]       : Initializing Spring embedded WebApplicationContext
2018-04-24 22:54:01.033  INFO 28095 --- [localhost-startStop-1] o.s.web.context.ContextLoader            : Root WebApplicationContext: initialization completed in 4477 ms
2018-04-24 22:54:01.768  INFO 28095 --- [localhost-startStop-1] o.s.b.w.servlet.ServletRegistrationBean  : Mapping servlet: 'dispatcherServlet' to [/]
2018-04-24 22:54:01.786  INFO 28095 --- [localhost-startStop-1] o.s.b.w.servlet.FilterRegistrationBean   : Mapping filter: 'characterEncodingFilter' to: [/*]
2018-04-24 22:54:01.787  INFO 28095 --- [localhost-startStop-1] o.s.b.w.servlet.FilterRegistrationBean   : Mapping filter: 'hiddenHttpMethodFilter' to: [/*]
2018-04-24 22:54:01.787  INFO 28095 --- [localhost-startStop-1] o.s.b.w.servlet.FilterRegistrationBean   : Mapping filter: 'httpPutFormContentFilter' to: [/*]
2018-04-24 22:54:01.788  INFO 28095 --- [localhost-startStop-1] o.s.b.w.servlet.FilterRegistrationBean   : Mapping filter: 'requestContextFilter' to: [/*]
2018-04-24 22:54:02.872  INFO 28095 --- [main] com.alibaba.druid.pool.DruidDataSource   : {dataSource-1} inited
2018-04-24 22:54:06.272  INFO 28095 --- [main] s.w.s.m.m.a.RequestMappingHandlerAdapter : Looking for @ControllerAdvice: org.springframework.boot.context.embedded.AnnotationConfigEmbeddedWebApplicationContext@4218d6a3: startup date [Tue Apr 24 22:53:56 CST 2018]; root of context hierarchy
2018-04-24 22:54:06.500  INFO 28095 --- [main] s.w.s.m.m.a.RequestMappingHandlerMapping : Mapped "{[/notify/pay/aliPayNotifyRes.htm]}" onto public java.lang.String org.xxpay.boot.ctrl.Notify4AliPayController.aliPayNotifyRes(javax.servlet.http.HttpServletRequest) throws javax.servlet.ServletException,java.io.IOException
2018-04-24 22:54:06.503  INFO 28095 --- [main] s.w.s.m.m.a.RequestMappingHandlerMapping : Mapped "{[/notify/pay/wxPayNotifyRes.htm]}" onto public java.lang.String org.xxpay.boot.ctrl.Notify4WxPayController.wxPayNotifyRes(javax.servlet.http.HttpServletRequest) throws javax.servlet.ServletException,java.io.IOException
2018-04-24 22:54:06.510  INFO 28095 --- [main] s.w.s.m.m.a.RequestMappingHandlerMapping : Mapped "{[/api/pay/create_order],consumes=[application/json],produces=[application/json]}" onto public java.lang.String org.xxpay.boot.ctrl.PayOrderController.payOrder(com.alibaba.fastjson.JSONObject)
2018-04-24 22:54:06.521  INFO 28095 --- [main] s.w.s.m.m.a.RequestMappingHandlerMapping : Mapped "{[/api/pay/create_order]}" onto public java.lang.String org.xxpay.boot.ctrl.PayOrderController.payOrder(java.lang.String)
2018-04-24 22:54:06.523  INFO 28095 --- [main] s.w.s.m.m.a.RequestMappingHandlerMapping : Mapped "{[/api/pay/query_order],consumes=[application/json],produces=[application/json]}" onto public java.lang.String org.xxpay.boot.ctrl.QueryPayOrderController.queryPayOrder(com.alibaba.fastjson.JSONObject)
2018-04-24 22:54:06.524  INFO 28095 --- [main] s.w.s.m.m.a.RequestMappingHandlerMapping : Mapped "{[/api/pay/query_order]}" onto public java.lang.String org.xxpay.boot.ctrl.QueryPayOrderController.queryPayOrder(java.lang.String)
2018-04-24 22:54:06.535  INFO 28095 --- [main] s.w.s.m.m.a.RequestMappingHandlerMapping : Mapped "{[/error],produces=[text/html]}" onto public org.springframework.web.servlet.ModelAndView org.springframework.boot.autoconfigure.web.BasicErrorController.errorHtml(javax.servlet.http.HttpServletRequest,javax.servlet.http.HttpServletResponse)
2018-04-24 22:54:06.542  INFO 28095 --- [main] s.w.s.m.m.a.RequestMappingHandlerMapping : Mapped "{[/error]}" onto public org.springframework.http.ResponseEntity<java.util.Map<java.lang.String, java.lang.Object>> org.springframework.boot.autoconfigure.web.BasicErrorController.error(javax.servlet.http.HttpServletRequest)
2018-04-24 22:54:06.640  INFO 28095 --- [main] o.s.w.s.handler.SimpleUrlHandlerMapping  : Mapped URL path [/webjars/**] onto handler of type [class org.springframework.web.servlet.resource.ResourceHttpRequestHandler]
2018-04-24 22:54:06.641  INFO 28095 --- [main] o.s.w.s.handler.SimpleUrlHandlerMapping  : Mapped URL path [/**] onto handler of type [class org.springframework.web.servlet.resource.ResourceHttpRequestHandler]
2018-04-24 22:54:06.791  INFO 28095 --- [main] o.s.w.s.handler.SimpleUrlHandlerMapping  : Mapped URL path [/**/favicon.ico] onto handler of type [class org.springframework.web.servlet.resource.ResourceHttpRequestHandler]
2018-04-24 22:54:07.644  INFO 28095 --- [main] o.s.ui.freemarker.SpringTemplateLoader   : SpringTemplateLoader for FreeMarker: using resource loader [org.springframework.boot.context.embedded.AnnotationConfigEmbeddedWebApplicationContext@4218d6a3: startup date [Tue Apr 24 22:53:56 CST 2018]; root of context hierarchy] and template loader path [classpath:/templates/]
2018-04-24 22:54:07.646  INFO 28095 --- [main] o.s.w.s.v.f.FreeMarkerConfigurer         : ClassTemplateLoader for Spring macros added to FreeMarker configuration
2018-04-24 22:54:07.702  WARN 28095 --- [main] o.s.b.a.f.FreeMarkerAutoConfiguration    : Cannot find template location(s): [classpath:/templates/] (please add some templates, check your FreeMarker configuration, or set spring.freemarker.checkTemplateLocation=false)
2018-04-24 22:54:08.066  INFO 28095 --- [main] o.s.j.e.a.AnnotationMBeanExporter        : Registering beans for JMX exposure on startup
2018-04-24 22:54:08.069  INFO 28095 --- [main] o.s.j.e.a.AnnotationMBeanExporter        : Bean with name 'dataSource' has been autodetected for JMX exposure
2018-04-24 22:54:08.087  INFO 28095 --- [main] o.s.j.e.a.AnnotationMBeanExporter        : Bean with name 'rabbitConnectionFactory' has been autodetected for JMX exposure
2018-04-24 22:54:08.090  INFO 28095 --- [main] o.s.j.e.a.AnnotationMBeanExporter        : Located MBean 'dataSource': registering with JMX server as MBean [com.alibaba.druid.pool:name=dataSource,type=DruidDataSource]
2018-04-24 22:54:08.092  INFO 28095 --- [main] o.s.j.e.a.AnnotationMBeanExporter        : Located managed bean 'rabbitConnectionFactory': registering with JMX server as MBean [org.springframework.amqp.rabbit.connection:name=rabbitConnectionFactory,type=CachingConnectionFactory]
2018-04-24 22:54:08.147  INFO 28095 --- [main] o.s.c.support.DefaultLifecycleProcessor  : Starting beans in phase -2147482648
2018-04-24 22:54:08.150  INFO 28095 --- [main] o.s.c.support.DefaultLifecycleProcessor  : Starting beans in phase 2147483647
2018-04-24 22:54:08.451  INFO 28095 --- [ActiveMQ Task-1] o.a.a.t.failover.FailoverTransport       : Successfully connected to tcp://127.0.0.1:61613?wireFormat.maxInactivityDuration=0
2018-04-24 22:54:13.992  WARN 28095 --- [ActiveMQ Transport: tcp:///127.0.0.1:61613@49668] o.a.a.t.failover.FailoverTransport       : Transport (tcp://127.0.0.1:61613?wireFormat.maxInactivityDuration=0) failed , attempting to automatically reconnect: {}

java.net.SocketException: Connection reset
	at java.net.SocketInputStream.read(SocketInputStream.java:210) ~[na:1.8.0_141]
	at java.net.SocketInputStream.read(SocketInputStream.java:141) ~[na:1.8.0_141]
	at org.apache.activemq.transport.tcp.TcpBufferedInputStream.fill(TcpBufferedInputStream.java:50) ~[activemq-client-5.14.5.jar:5.14.5]
	at org.apache.activemq.transport.tcp.TcpTransport$2.fill(TcpTransport.java:634) ~[activemq-client-5.14.5.jar:5.14.5]
	at org.apache.activemq.transport.tcp.TcpBufferedInputStream.read(TcpBufferedInputStream.java:59) ~[activemq-client-5.14.5.jar:5.14.5]
	at org.apache.activemq.transport.tcp.TcpTransport$2.read(TcpTransport.java:619) ~[activemq-client-5.14.5.jar:5.14.5]
	at java.io.DataInputStream.readInt(DataInputStream.java:387) ~[na:1.8.0_141]
	at org.apache.activemq.openwire.OpenWireFormat.unmarshal(OpenWireFormat.java:268) ~[activemq-client-5.14.5.jar:5.14.5]
	at org.apache.activemq.transport.tcp.TcpTransport.readCommand(TcpTransport.java:240) ~[activemq-client-5.14.5.jar:5.14.5]
	at org.apache.activemq.transport.tcp.TcpTransport.doRun(TcpTransport.java:232) ~[activemq-client-5.14.5.jar:5.14.5]
	at org.apache.activemq.transport.tcp.TcpTransport.run(TcpTransport.java:215) ~[activemq-client-5.14.5.jar:5.14.5]
	at java.lang.Thread.run(Thread.java:748) [na:1.8.0_141]

2018-04-24 22:54:14.009  INFO 28095 --- [ActiveMQ Task-1] o.a.a.t.failover.FailoverTransport       : Successfully reconnected to tcp://127.0.0.1:61613?wireFormat.maxInactivityDuration=0
2018-04-24 22:54:19.016  WARN 28095 --- [ActiveMQ Transport: tcp:///127.0.0.1:61613@49670] o.a.a.t.failover.FailoverTransport       : Transport (tcp://127.0.0.1:61613?wireFormat.maxInactivityDuration=0) failed , attempting to automatically reconnect: {}

java.net.SocketException: Connection reset
	at java.net.SocketInputStream.read(SocketInputStream.java:210) ~[na:1.8.0_141]
	at java.net.SocketInputStream.read(SocketInputStream.java:141) ~[na:1.8.0_141]
	at org.apache.activemq.transport.tcp.TcpBufferedInputStream.fill(TcpBufferedInputStream.java:50) ~[activemq-client-5.14.5.jar:5.14.5]
	at org.apache.activemq.transport.tcp.TcpTransport$2.fill(TcpTransport.java:634) ~[activemq-client-5.14.5.jar:5.14.5]
	at org.apache.activemq.transport.tcp.TcpBufferedInputStream.read(TcpBufferedInputStream.java:59) ~[activemq-client-5.14.5.jar:5.14.5]
	at org.apache.activemq.transport.tcp.TcpTransport$2.read(TcpTransport.java:619) ~[activemq-client-5.14.5.jar:5.14.5]
	at java.io.DataInputStream.readInt(DataInputStream.java:387) ~[na:1.8.0_141]
	at org.apache.activemq.openwire.OpenWireFormat.unmarshal(OpenWireFormat.java:268) ~[activemq-client-5.14.5.jar:5.14.5]
	at org.apache.activemq.transport.tcp.TcpTransport.readCommand(TcpTransport.java:240) ~[activemq-client-5.14.5.jar:5.14.5]
	at org.apache.activemq.transport.tcp.TcpTransport.doRun(TcpTransport.java:232) ~[activemq-client-5.14.5.jar:5.14.5]
	at org.apache.activemq.transport.tcp.TcpTransport.run(TcpTransport.java:215) ~[activemq-client-5.14.5.jar:5.14.5]
	at java.lang.Thread.run(Thread.java:748) [na:1.8.0_141]

2018-04-24 22:54:19.035  INFO 28095 --- [ActiveMQ Task-2] o.a.a.t.failover.FailoverTransport       : Successfully reconnected to tcp://127.0.0.1:61613?wireFormat.maxInactivityDuration=0
2018-04-24 22:54:24.039  WARN 28095 --- [ActiveMQ Transport: tcp:///127.0.0.1:61613@49672] o.a.a.t.failover.FailoverTransport       : Transport (tcp://127.0.0.1:61613?wireFormat.maxInactivityDuration=0) failed , attempting to automatically reconnect: {}

java.net.SocketException: Connection reset
	at java.net.SocketInputStream.read(SocketInputStream.java:210) ~[na:1.8.0_141]
	at java.net.SocketInputStream.read(SocketInputStream.java:141) ~[na:1.8.0_141]
	at org.apache.activemq.transport.tcp.TcpBufferedInputStream.fill(TcpBufferedInputStream.java:50) ~[activemq-client-5.14.5.jar:5.14.5]
	at org.apache.activemq.transport.tcp.TcpTransport$2.fill(TcpTransport.java:634) ~[activemq-client-5.14.5.jar:5.14.5]
	at org.apache.activemq.transport.tcp.TcpBufferedInputStream.read(TcpBufferedInputStream.java:59) ~[activemq-client-5.14.5.jar:5.14.5]
	at org.apache.activemq.transport.tcp.TcpTransport$2.read(TcpTransport.java:619) ~[activemq-client-5.14.5.jar:5.14.5]
	at java.io.DataInputStream.readInt(DataInputStream.java:387) ~[na:1.8.0_141]
	at org.apache.activemq.openwire.OpenWireFormat.unmarshal(OpenWireFormat.java:268) ~[activemq-client-5.14.5.jar:5.14.5]
	at org.apache.activemq.transport.tcp.TcpTransport.readCommand(TcpTransport.java:240) ~[activemq-client-5.14.5.jar:5.14.5]
	at org.apache.activemq.transport.tcp.TcpTransport.doRun(TcpTransport.java:232) ~[activemq-client-5.14.5.jar:5.14.5]
	at org.apache.activemq.transport.tcp.TcpTransport.run(TcpTransport.java:215) ~[activemq-client-5.14.5.jar:5.14.5]
	at java.lang.Thread.run(Thread.java:748) [na:1.8.0_141]

2018-04-24 22:54:24.055  INFO 28095 --- [ActiveMQ Task-2] o.a.a.t.failover.FailoverTransport       : Successfully reconnected to tcp://127.0.0.1:61613?wireFormat.maxInactivityDuration=0
2018-04-24 22:54:29.057  WARN 28095 --- [ActiveMQ Transport: tcp:///127.0.0.1:61613@49674] o.a.a.t.failover.FailoverTransport       : Transport (tcp://127.0.0.1:61613?wireFormat.maxInactivityDuration=0) failed , attempting to automatically reconnect: {}

java.net.SocketException: Connection reset
	at java.net.SocketInputStream.read(SocketInputStream.java:210) ~[na:1.8.0_141]
	at java.net.SocketInputStream.read(SocketInputStream.java:141) ~[na:1.8.0_141]
	at org.apache.activemq.transport.tcp.TcpBufferedInputStream.fill(TcpBufferedInputStream.java:50) ~[activemq-client-5.14.5.jar:5.14.5]
	at org.apache.activemq.transport.tcp.TcpTransport$2.fill(TcpTransport.java:634) ~[activemq-client-5.14.5.jar:5.14.5]
	at org.apache.activemq.transport.tcp.TcpBufferedInputStream.read(TcpBufferedInputStream.java:59) ~[activemq-client-5.14.5.jar:5.14.5]
	at org.apache.activemq.transport.tcp.TcpTransport$2.read(TcpTransport.java:619) ~[activemq-client-5.14.5.jar:5.14.5]
	at java.io.DataInputStream.readInt(DataInputStream.java:387) ~[na:1.8.0_141]
	at org.apache.activemq.openwire.OpenWireFormat.unmarshal(OpenWireFormat.java:268) ~[activemq-client-5.14.5.jar:5.14.5]
	at org.apache.activemq.transport.tcp.TcpTransport.readCommand(TcpTransport.java:240) ~[activemq-client-5.14.5.jar:5.14.5]
	at org.apache.activemq.transport.tcp.TcpTransport.doRun(TcpTransport.java:232) ~[activemq-client-5.14.5.jar:5.14.5]
	at org.apache.activemq.transport.tcp.TcpTransport.run(TcpTransport.java:215) ~[activemq-client-5.14.5.jar:5.14.5]
	at java.lang.Thread.run(Thread.java:748) [na:1.8.0_141]

2018-04-24 22:54:29.075  INFO 28095 --- [ActiveMQ Task-2] o.a.a.t.failover.FailoverTransport       : Successfully reconnected to tcp://127.0.0.1:61613?wireFormat.maxInactivityDuration=0
2018-04-24 22:54:34.079  WARN 28095 --- [ActiveMQ Transport: tcp:///127.0.0.1:61613@49678] o.a.a.t.failover.FailoverTransport       : Transport (tcp://127.0.0.1:61613?wireFormat.maxInactivityDuration=0) failed , attempting to automatically reconnect: {}

java.net.SocketException: Connection reset
	at java.net.SocketInputStream.read(SocketInputStream.java:210) ~[na:1.8.0_141]
	at java.net.SocketInputStream.read(SocketInputStream.java:141) ~[na:1.8.0_141]
	at org.apache.activemq.transport.tcp.TcpBufferedInputStream.fill(TcpBufferedInputStream.java:50) ~[activemq-client-5.14.5.jar:5.14.5]
	at org.apache.activemq.transport.tcp.TcpTransport$2.fill(TcpTransport.java:634) ~[activemq-client-5.14.5.jar:5.14.5]
	at org.apache.activemq.transport.tcp.TcpBufferedInputStream.read(TcpBufferedInputStream.java:59) ~[activemq-client-5.14.5.jar:5.14.5]
	at org.apache.activemq.transport.tcp.TcpTransport$2.read(TcpTransport.java:619) ~[activemq-client-5.14.5.jar:5.14.5]
	at java.io.DataInputStream.readInt(DataInputStream.java:387) ~[na:1.8.0_141]
	at org.apache.activemq.openwire.OpenWireFormat.unmarshal(OpenWireFormat.java:268) ~[activemq-client-5.14.5.jar:5.14.5]
	at org.apache.activemq.transport.tcp.TcpTransport.readCommand(TcpTransport.java:240) ~[activemq-client-5.14.5.jar:5.14.5]
	at org.apache.activemq.transport.tcp.TcpTransport.doRun(TcpTransport.java:232) ~[activemq-client-5.14.5.jar:5.14.5]
	at org.apache.activemq.transport.tcp.TcpTransport.run(TcpTransport.java:215) ~[activemq-client-5.14.5.jar:5.14.5]
	at java.lang.Thread.run(Thread.java:748) [na:1.8.0_141]

2018-04-24 22:54:34.096  INFO 28095 --- [ActiveMQ Task-2] o.a.a.t.failover.FailoverTransport       : Successfully reconnected to tcp://127.0.0.1:61613?wireFormat.maxInactivityDuration=0
2018-04-24 22:54:39.102  WARN 28095 --- [ActiveMQ Transport: tcp:///127.0.0.1:61613@49680] o.a.a.t.failover.FailoverTransport       : Transport (tcp://127.0.0.1:61613?wireFormat.maxInactivityDuration=0) failed , attempting to automatically reconnect: {}

java.net.SocketException: Connection reset
	at java.net.SocketInputStream.read(SocketInputStream.java:210) ~[na:1.8.0_141]
	at java.net.SocketInputStream.read(SocketInputStream.java:141) ~[na:1.8.0_141]
	at org.apache.activemq.transport.tcp.TcpBufferedInputStream.fill(TcpBufferedInputStream.java:50) ~[activemq-client-5.14.5.jar:5.14.5]
	at org.apache.activemq.transport.tcp.TcpTransport$2.fill(TcpTransport.java:634) ~[activemq-client-5.14.5.jar:5.14.5]
	at org.apache.activemq.transport.tcp.TcpBufferedInputStream.read(TcpBufferedInputStream.java:59) ~[activemq-client-5.14.5.jar:5.14.5]
	at org.apache.activemq.transport.tcp.TcpTransport$2.read(TcpTransport.java:619) ~[activemq-client-5.14.5.jar:5.14.5]
	at java.io.DataInputStream.readInt(DataInputStream.java:387) ~[na:1.8.0_141]
	at org.apache.activemq.openwire.OpenWireFormat.unmarshal(OpenWireFormat.java:268) ~[activemq-client-5.14.5.jar:5.14.5]
	at org.apache.activemq.transport.tcp.TcpTransport.readCommand(TcpTransport.java:240) ~[activemq-client-5.14.5.jar:5.14.5]
	at org.apache.activemq.transport.tcp.TcpTransport.doRun(TcpTransport.java:232) ~[activemq-client-5.14.5.jar:5.14.5]
	at org.apache.activemq.transport.tcp.TcpTransport.run(TcpTransport.java:215) ~[activemq-client-5.14.5.jar:5.14.5]
	at java.lang.Thread.run(Thread.java:748) [na:1.8.0_141]

2018-04-24 22:54:39.122  INFO 28095 --- [ActiveMQ Task-1] o.a.a.t.failover.FailoverTransport       : Successfully reconnected to tcp://127.0.0.1:61613?wireFormat.maxInactivityDuration=0
2018-04-24 22:54:44.128  WARN 28095 --- [ActiveMQ Transport: tcp:///127.0.0.1:61613@49682] o.a.a.t.failover.FailoverTransport       : Transport (tcp://127.0.0.1:61613?wireFormat.maxInactivityDuration=0) failed , attempting to automatically reconnect: {}

java.net.SocketException: Connection reset
	at java.net.SocketInputStream.read(SocketInputStream.java:210) ~[na:1.8.0_141]
	at java.net.SocketInputStream.read(SocketInputStream.java:141) ~[na:1.8.0_141]
	at org.apache.activemq.transport.tcp.TcpBufferedInputStream.fill(TcpBufferedInputStream.java:50) ~[activemq-client-5.14.5.jar:5.14.5]
	at org.apache.activemq.transport.tcp.TcpTransport$2.fill(TcpTransport.java:634) ~[activemq-client-5.14.5.jar:5.14.5]
	at org.apache.activemq.transport.tcp.TcpBufferedInputStream.read(TcpBufferedInputStream.java:59) ~[activemq-client-5.14.5.jar:5.14.5]
	at org.apache.activemq.transport.tcp.TcpTransport$2.read(TcpTransport.java:619) ~[activemq-client-5.14.5.jar:5.14.5]
	at java.io.DataInputStream.readInt(DataInputStream.java:387) ~[na:1.8.0_141]
	at org.apache.activemq.openwire.OpenWireFormat.unmarshal(OpenWireFormat.java:268) ~[activemq-client-5.14.5.jar:5.14.5]
	at org.apache.activemq.transport.tcp.TcpTransport.readCommand(TcpTransport.java:240) ~[activemq-client-5.14.5.jar:5.14.5]
	at org.apache.activemq.transport.tcp.TcpTransport.doRun(TcpTransport.java:232) ~[activemq-client-5.14.5.jar:5.14.5]
	at org.apache.activemq.transport.tcp.TcpTransport.run(TcpTransport.java:215) ~[activemq-client-5.14.5.jar:5.14.5]
	at java.lang.Thread.run(Thread.java:748) [na:1.8.0_141]

2018-04-24 22:54:44.149  INFO 28095 --- [ActiveMQ Task-2] o.a.a.t.failover.FailoverTransport       : Successfully reconnected to tcp://127.0.0.1:61613?wireFormat.maxInactivityDuration=0
2018-04-24 22:54:49.154  WARN 28095 --- [ActiveMQ Transport: tcp:///127.0.0.1:61613@49684] o.a.a.t.failover.FailoverTransport       : Transport (tcp://127.0.0.1:61613?wireFormat.maxInactivityDuration=0) failed , attempting to automatically reconnect: {}

java.net.SocketException: Connection reset
	at java.net.SocketInputStream.read(SocketInputStream.java:210) ~[na:1.8.0_141]
	at java.net.SocketInputStream.read(SocketInputStream.java:141) ~[na:1.8.0_141]
	at org.apache.activemq.transport.tcp.TcpBufferedInputStream.fill(TcpBufferedInputStream.java:50) ~[activemq-client-5.14.5.jar:5.14.5]
	at org.apache.activemq.transport.tcp.TcpTransport$2.fill(TcpTransport.java:634) ~[activemq-client-5.14.5.jar:5.14.5]
	at org.apache.activemq.transport.tcp.TcpBufferedInputStream.read(TcpBufferedInputStream.java:59) ~[activemq-client-5.14.5.jar:5.14.5]
	at org.apache.activemq.transport.tcp.TcpTransport$2.read(TcpTransport.java:619) ~[activemq-client-5.14.5.jar:5.14.5]
	at java.io.DataInputStream.readInt(DataInputStream.java:387) ~[na:1.8.0_141]
	at org.apache.activemq.openwire.OpenWireFormat.unmarshal(OpenWireFormat.java:268) ~[activemq-client-5.14.5.jar:5.14.5]
	at org.apache.activemq.transport.tcp.TcpTransport.readCommand(TcpTransport.java:240) ~[activemq-client-5.14.5.jar:5.14.5]
	at org.apache.activemq.transport.tcp.TcpTransport.doRun(TcpTransport.java:232) ~[activemq-client-5.14.5.jar:5.14.5]
	at org.apache.activemq.transport.tcp.TcpTransport.run(TcpTransport.java:215) ~[activemq-client-5.14.5.jar:5.14.5]
	at java.lang.Thread.run(Thread.java:748) [na:1.8.0_141]

2018-04-24 22:54:49.174  INFO 28095 --- [ActiveMQ Task-1] o.a.a.t.failover.FailoverTransport       : Successfully reconnected to tcp://127.0.0.1:61613?wireFormat.maxInactivityDuration=0
2018-04-24 22:54:54.177  WARN 28095 --- [ActiveMQ Transport: tcp:///127.0.0.1:61613@49690] o.a.a.t.failover.FailoverTransport       : Transport (tcp://127.0.0.1:61613?wireFormat.maxInactivityDuration=0) failed , attempting to automatically reconnect: {}

java.net.SocketException: Connection reset
	at java.net.SocketInputStream.read(SocketInputStream.java:210) ~[na:1.8.0_141]
	at java.net.SocketInputStream.read(SocketInputStream.java:141) ~[na:1.8.0_141]
	at org.apache.activemq.transport.tcp.TcpBufferedInputStream.fill(TcpBufferedInputStream.java:50) ~[activemq-client-5.14.5.jar:5.14.5]
	at org.apache.activemq.transport.tcp.TcpTransport$2.fill(TcpTransport.java:634) ~[activemq-client-5.14.5.jar:5.14.5]
	at org.apache.activemq.transport.tcp.TcpBufferedInputStream.read(TcpBufferedInputStream.java:59) ~[activemq-client-5.14.5.jar:5.14.5]
	at org.apache.activemq.transport.tcp.TcpTransport$2.read(TcpTransport.java:619) ~[activemq-client-5.14.5.jar:5.14.5]
	at java.io.DataInputStream.readInt(DataInputStream.java:387) ~[na:1.8.0_141]
	at org.apache.activemq.openwire.OpenWireFormat.unmarshal(OpenWireFormat.java:268) ~[activemq-client-5.14.5.jar:5.14.5]
	at org.apache.activemq.transport.tcp.TcpTransport.readCommand(TcpTransport.java:240) ~[activemq-client-5.14.5.jar:5.14.5]
	at org.apache.activemq.transport.tcp.TcpTransport.doRun(TcpTransport.java:232) ~[activemq-client-5.14.5.jar:5.14.5]
	at org.apache.activemq.transport.tcp.TcpTransport.run(TcpTransport.java:215) ~[activemq-client-5.14.5.jar:5.14.5]
	at java.lang.Thread.run(Thread.java:748) [na:1.8.0_141]

2018-04-24 22:54:54.193  INFO 28095 --- [ActiveMQ Task-1] o.a.a.t.failover.FailoverTransport       : Successfully reconnected to tcp://127.0.0.1:61613?wireFormat.maxInactivityDuration=0
2018-04-24 22:54:59.198  WARN 28095 --- [ActiveMQ Transport: tcp:///127.0.0.1:61613@49692] o.a.a.t.failover.FailoverTransport       : Transport (tcp://127.0.0.1:61613?wireFormat.maxInactivityDuration=0) failed , attempting to automatically reconnect: {}

java.net.SocketException: Connection reset
	at java.net.SocketInputStream.read(SocketInputStream.java:210) ~[na:1.8.0_141]
	at java.net.SocketInputStream.read(SocketInputStream.java:141) ~[na:1.8.0_141]
	at org.apache.activemq.transport.tcp.TcpBufferedInputStream.fill(TcpBufferedInputStream.java:50) ~[activemq-client-5.14.5.jar:5.14.5]
	at org.apache.activemq.transport.tcp.TcpTransport$2.fill(TcpTransport.java:634) ~[activemq-client-5.14.5.jar:5.14.5]
	at org.apache.activemq.transport.tcp.TcpBufferedInputStream.read(TcpBufferedInputStream.java:59) ~[activemq-client-5.14.5.jar:5.14.5]
	at org.apache.activemq.transport.tcp.TcpTransport$2.read(TcpTransport.java:619) ~[activemq-client-5.14.5.jar:5.14.5]
	at java.io.DataInputStream.readInt(DataInputStream.java:387) ~[na:1.8.0_141]
	at org.apache.activemq.openwire.OpenWireFormat.unmarshal(OpenWireFormat.java:268) ~[activemq-client-5.14.5.jar:5.14.5]
	at org.apache.activemq.transport.tcp.TcpTransport.readCommand(TcpTransport.java:240) ~[activemq-client-5.14.5.jar:5.14.5]
	at org.apache.activemq.transport.tcp.TcpTransport.doRun(TcpTransport.java:232) ~[activemq-client-5.14.5.jar:5.14.5]
	at org.apache.activemq.transport.tcp.TcpTransport.run(TcpTransport.java:215) ~[activemq-client-5.14.5.jar:5.14.5]
	at java.lang.Thread.run(Thread.java:748) [na:1.8.0_141]

2018-04-24 22:54:59.217  INFO 28095 --- [ActiveMQ Task-2] o.a.a.t.failover.FailoverTransport       : Successfully reconnected to tcp://127.0.0.1:61613?wireFormat.maxInactivityDuration=0
2018-04-24 22:55:04.222  WARN 28095 --- [ActiveMQ Transport: tcp:///127.0.0.1:61613@49694] o.a.a.t.failover.FailoverTransport       : Transport (tcp://127.0.0.1:61613?wireFormat.maxInactivityDuration=0) failed , attempting to automatically reconnect: {}

java.net.SocketException: Connection reset
	at java.net.SocketInputStream.read(SocketInputStream.java:210) ~[na:1.8.0_141]
	at java.net.SocketInputStream.read(SocketInputStream.java:141) ~[na:1.8.0_141]
	at org.apache.activemq.transport.tcp.TcpBufferedInputStream.fill(TcpBufferedInputStream.java:50) ~[activemq-client-5.14.5.jar:5.14.5]
	at org.apache.activemq.transport.tcp.TcpTransport$2.fill(TcpTransport.java:634) ~[activemq-client-5.14.5.jar:5.14.5]
	at org.apache.activemq.transport.tcp.TcpBufferedInputStream.read(TcpBufferedInputStream.java:59) ~[activemq-client-5.14.5.jar:5.14.5]
	at org.apache.activemq.transport.tcp.TcpTransport$2.read(TcpTransport.java:619) ~[activemq-client-5.14.5.jar:5.14.5]
	at java.io.DataInputStream.readInt(DataInputStream.java:387) ~[na:1.8.0_141]
	at org.apache.activemq.openwire.OpenWireFormat.unmarshal(OpenWireFormat.java:268) ~[activemq-client-5.14.5.jar:5.14.5]
	at org.apache.activemq.transport.tcp.TcpTransport.readCommand(TcpTransport.java:240) ~[activemq-client-5.14.5.jar:5.14.5]
	at org.apache.activemq.transport.tcp.TcpTransport.doRun(TcpTransport.java:232) ~[activemq-client-5.14.5.jar:5.14.5]
	at org.apache.activemq.transport.tcp.TcpTransport.run(TcpTransport.java:215) ~[activemq-client-5.14.5.jar:5.14.5]
	at java.lang.Thread.run(Thread.java:748) [na:1.8.0_141]

2018-04-24 22:55:04.240  INFO 28095 --- [ActiveMQ Task-2] o.a.a.t.failover.FailoverTransport       : Successfully reconnected to tcp://127.0.0.1:61613?wireFormat.maxInactivityDuration=0
2018-04-24 22:55:09.243  WARN 28095 --- [ActiveMQ Transport: tcp:///127.0.0.1:61613@49696] o.a.a.t.failover.FailoverTransport       : Transport (tcp://127.0.0.1:61613?wireFormat.maxInactivityDuration=0) failed , attempting to automatically reconnect: {}

java.net.SocketException: Connection reset
	at java.net.SocketInputStream.read(SocketInputStream.java:210) ~[na:1.8.0_141]
	at java.net.SocketInputStream.read(SocketInputStream.java:141) ~[na:1.8.0_141]
	at org.apache.activemq.transport.tcp.TcpBufferedInputStream.fill(TcpBufferedInputStream.java:50) ~[activemq-client-5.14.5.jar:5.14.5]
	at org.apache.activemq.transport.tcp.TcpTransport$2.fill(TcpTransport.java:634) ~[activemq-client-5.14.5.jar:5.14.5]
	at org.apache.activemq.transport.tcp.TcpBufferedInputStream.read(TcpBufferedInputStream.java:59) ~[activemq-client-5.14.5.jar:5.14.5]
	at org.apache.activemq.transport.tcp.TcpTransport$2.read(TcpTransport.java:619) ~[activemq-client-5.14.5.jar:5.14.5]
	at java.io.DataInputStream.readInt(DataInputStream.java:387) ~[na:1.8.0_141]
	at org.apache.activemq.openwire.OpenWireFormat.unmarshal(OpenWireFormat.java:268) ~[activemq-client-5.14.5.jar:5.14.5]
	at org.apache.activemq.transport.tcp.TcpTransport.readCommand(TcpTransport.java:240) ~[activemq-client-5.14.5.jar:5.14.5]
	at org.apache.activemq.transport.tcp.TcpTransport.doRun(TcpTransport.java:232) ~[activemq-client-5.14.5.jar:5.14.5]
	at org.apache.activemq.transport.tcp.TcpTransport.run(TcpTransport.java:215) ~[activemq-client-5.14.5.jar:5.14.5]
	at java.lang.Thread.run(Thread.java:748) [na:1.8.0_141]

2018-04-24 22:55:09.282  INFO 28095 --- [ActiveMQ Task-1] o.a.a.t.failover.FailoverTransport       : Successfully reconnected to tcp://127.0.0.1:61613?wireFormat.maxInactivityDuration=0
2018-04-24 22:55:14.286  WARN 28095 --- [ActiveMQ Transport: tcp:///127.0.0.1:61613@49698] o.a.a.t.failover.FailoverTransport       : Transport (tcp://127.0.0.1:61613?wireFormat.maxInactivityDuration=0) failed , attempting to automatically reconnect: {}

java.net.SocketException: Connection reset
	at java.net.SocketInputStream.read(SocketInputStream.java:210) ~[na:1.8.0_141]
	at java.net.SocketInputStream.read(SocketInputStream.java:141) ~[na:1.8.0_141]
	at org.apache.activemq.transport.tcp.TcpBufferedInputStream.fill(TcpBufferedInputStream.java:50) ~[activemq-client-5.14.5.jar:5.14.5]
	at org.apache.activemq.transport.tcp.TcpTransport$2.fill(TcpTransport.java:634) ~[activemq-client-5.14.5.jar:5.14.5]
	at org.apache.activemq.transport.tcp.TcpBufferedInputStream.read(TcpBufferedInputStream.java:59) ~[activemq-client-5.14.5.jar:5.14.5]
	at org.apache.activemq.transport.tcp.TcpTransport$2.read(TcpTransport.java:619) ~[activemq-client-5.14.5.jar:5.14.5]
	at java.io.DataInputStream.readInt(DataInputStream.java:387) ~[na:1.8.0_141]
	at org.apache.activemq.openwire.OpenWireFormat.unmarshal(OpenWireFormat.java:268) ~[activemq-client-5.14.5.jar:5.14.5]
	at org.apache.activemq.transport.tcp.TcpTransport.readCommand(TcpTransport.java:240) ~[activemq-client-5.14.5.jar:5.14.5]
	at org.apache.activemq.transport.tcp.TcpTransport.doRun(TcpTransport.java:232) ~[activemq-client-5.14.5.jar:5.14.5]
	at org.apache.activemq.transport.tcp.TcpTransport.run(TcpTransport.java:215) ~[activemq-client-5.14.5.jar:5.14.5]
	at java.lang.Thread.run(Thread.java:748) [na:1.8.0_141]

2018-04-24 22:55:14.302  INFO 28095 --- [ActiveMQ Task-1] o.a.a.t.failover.FailoverTransport       : Successfully reconnected to tcp://127.0.0.1:61613?wireFormat.maxInactivityDuration=0
2018-04-24 22:55:19.306  WARN 28095 --- [ActiveMQ Transport: tcp:///127.0.0.1:61613@49700] o.a.a.t.failover.FailoverTransport       : Transport (tcp://127.0.0.1:61613?wireFormat.maxInactivityDuration=0) failed , attempting to automatically reconnect: {}

java.net.SocketException: Connection reset
	at java.net.SocketInputStream.read(SocketInputStream.java:210) ~[na:1.8.0_141]
	at java.net.SocketInputStream.read(SocketInputStream.java:141) ~[na:1.8.0_141]
	at org.apache.activemq.transport.tcp.TcpBufferedInputStream.fill(TcpBufferedInputStream.java:50) ~[activemq-client-5.14.5.jar:5.14.5]
	at org.apache.activemq.transport.tcp.TcpTransport$2.fill(TcpTransport.java:634) ~[activemq-client-5.14.5.jar:5.14.5]
	at org.apache.activemq.transport.tcp.TcpBufferedInputStream.read(TcpBufferedInputStream.java:59) ~[activemq-client-5.14.5.jar:5.14.5]
	at org.apache.activemq.transport.tcp.TcpTransport$2.read(TcpTransport.java:619) ~[activemq-client-5.14.5.jar:5.14.5]
	at java.io.DataInputStream.readInt(DataInputStream.java:387) ~[na:1.8.0_141]
	at org.apache.activemq.openwire.OpenWireFormat.unmarshal(OpenWireFormat.java:268) ~[activemq-client-5.14.5.jar:5.14.5]
	at org.apache.activemq.transport.tcp.TcpTransport.readCommand(TcpTransport.java:240) ~[activemq-client-5.14.5.jar:5.14.5]
	at org.apache.activemq.transport.tcp.TcpTransport.doRun(TcpTransport.java:232) ~[activemq-client-5.14.5.jar:5.14.5]
	at org.apache.activemq.transport.tcp.TcpTransport.run(TcpTransport.java:215) ~[activemq-client-5.14.5.jar:5.14.5]
	at java.lang.Thread.run(Thread.java:748) [na:1.8.0_141]

2018-04-24 22:55:19.323  INFO 28095 --- [ActiveMQ Task-1] o.a.a.t.failover.FailoverTransport       : Successfully reconnected to tcp://127.0.0.1:61613?wireFormat.maxInactivityDuration=0
2018-04-24 22:55:24.327  WARN 28095 --- [ActiveMQ Transport: tcp:///127.0.0.1:61613@49702] o.a.a.t.failover.FailoverTransport       : Transport (tcp://127.0.0.1:61613?wireFormat.maxInactivityDuration=0) failed , attempting to automatically reconnect: {}

java.net.SocketException: Connection reset
	at java.net.SocketInputStream.read(SocketInputStream.java:210) ~[na:1.8.0_141]
	at java.net.SocketInputStream.read(SocketInputStream.java:141) ~[na:1.8.0_141]
	at org.apache.activemq.transport.tcp.TcpBufferedInputStream.fill(TcpBufferedInputStream.java:50) ~[activemq-client-5.14.5.jar:5.14.5]
	at org.apache.activemq.transport.tcp.TcpTransport$2.fill(TcpTransport.java:634) ~[activemq-client-5.14.5.jar:5.14.5]
	at org.apache.activemq.transport.tcp.TcpBufferedInputStream.read(TcpBufferedInputStream.java:59) ~[activemq-client-5.14.5.jar:5.14.5]
	at org.apache.activemq.transport.tcp.TcpTransport$2.read(TcpTransport.java:619) ~[activemq-client-5.14.5.jar:5.14.5]
	at java.io.DataInputStream.readInt(DataInputStream.java:387) ~[na:1.8.0_141]
	at org.apache.activemq.openwire.OpenWireFormat.unmarshal(OpenWireFormat.java:268) ~[activemq-client-5.14.5.jar:5.14.5]
	at org.apache.activemq.transport.tcp.TcpTransport.readCommand(TcpTransport.java:240) ~[activemq-client-5.14.5.jar:5.14.5]
	at org.apache.activemq.transport.tcp.TcpTransport.doRun(TcpTransport.java:232) ~[activemq-client-5.14.5.jar:5.14.5]
	at org.apache.activemq.transport.tcp.TcpTransport.run(TcpTransport.java:215) ~[activemq-client-5.14.5.jar:5.14.5]
	at java.lang.Thread.run(Thread.java:748) [na:1.8.0_141]

2018-04-24 22:55:24.348  INFO 28095 --- [ActiveMQ Task-2] o.a.a.t.failover.FailoverTransport       : Successfully reconnected to tcp://127.0.0.1:61613?wireFormat.maxInactivityDuration=0
2018-04-24 22:55:29.359  WARN 28095 --- [ActiveMQ Transport: tcp:///127.0.0.1:61613@49704] o.a.a.t.failover.FailoverTransport       : Transport (tcp://127.0.0.1:61613?wireFormat.maxInactivityDuration=0) failed , attempting to automatically reconnect: {}

java.net.SocketException: Connection reset
	at java.net.SocketInputStream.read(SocketInputStream.java:210) ~[na:1.8.0_141]
	at java.net.SocketInputStream.read(SocketInputStream.java:141) ~[na:1.8.0_141]
	at org.apache.activemq.transport.tcp.TcpBufferedInputStream.fill(TcpBufferedInputStream.java:50) ~[activemq-client-5.14.5.jar:5.14.5]
	at org.apache.activemq.transport.tcp.TcpTransport$2.fill(TcpTransport.java:634) ~[activemq-client-5.14.5.jar:5.14.5]
	at org.apache.activemq.transport.tcp.TcpBufferedInputStream.read(TcpBufferedInputStream.java:59) ~[activemq-client-5.14.5.jar:5.14.5]
	at org.apache.activemq.transport.tcp.TcpTransport$2.read(TcpTransport.java:619) ~[activemq-client-5.14.5.jar:5.14.5]
	at java.io.DataInputStream.readInt(DataInputStream.java:387) ~[na:1.8.0_141]
	at org.apache.activemq.openwire.OpenWireFormat.unmarshal(OpenWireFormat.java:268) ~[activemq-client-5.14.5.jar:5.14.5]
	at org.apache.activemq.transport.tcp.TcpTransport.readCommand(TcpTransport.java:240) ~[activemq-client-5.14.5.jar:5.14.5]
	at org.apache.activemq.transport.tcp.TcpTransport.doRun(TcpTransport.java:232) ~[activemq-client-5.14.5.jar:5.14.5]
	at org.apache.activemq.transport.tcp.TcpTransport.run(TcpTransport.java:215) ~[activemq-client-5.14.5.jar:5.14.5]
	at java.lang.Thread.run(Thread.java:748) [na:1.8.0_141]

2018-04-24 22:55:29.378  INFO 28095 --- [ActiveMQ Task-1] o.a.a.t.failover.FailoverTransport       : Successfully reconnected to tcp://127.0.0.1:61613?wireFormat.maxInactivityDuration=0
2018-04-24 22:55:34.385  WARN 28095 --- [ActiveMQ Transport: tcp:///127.0.0.1:61613@49706] o.a.a.t.failover.FailoverTransport       : Transport (tcp://127.0.0.1:61613?wireFormat.maxInactivityDuration=0) failed , attempting to automatically reconnect: {}

java.net.SocketException: Connection reset
	at java.net.SocketInputStream.read(SocketInputStream.java:210) ~[na:1.8.0_141]
	at java.net.SocketInputStream.read(SocketInputStream.java:141) ~[na:1.8.0_141]
	at org.apache.activemq.transport.tcp.TcpBufferedInputStream.fill(TcpBufferedInputStream.java:50) ~[activemq-client-5.14.5.jar:5.14.5]
	at org.apache.activemq.transport.tcp.TcpTransport$2.fill(TcpTransport.java:634) ~[activemq-client-5.14.5.jar:5.14.5]
	at org.apache.activemq.transport.tcp.TcpBufferedInputStream.read(TcpBufferedInputStream.java:59) ~[activemq-client-5.14.5.jar:5.14.5]
	at org.apache.activemq.transport.tcp.TcpTransport$2.read(TcpTransport.java:619) ~[activemq-client-5.14.5.jar:5.14.5]
	at java.io.DataInputStream.readInt(DataInputStream.java:387) ~[na:1.8.0_141]
	at org.apache.activemq.openwire.OpenWireFormat.unmarshal(OpenWireFormat.java:268) ~[activemq-client-5.14.5.jar:5.14.5]
	at org.apache.activemq.transport.tcp.TcpTransport.readCommand(TcpTransport.java:240) ~[activemq-client-5.14.5.jar:5.14.5]
	at org.apache.activemq.transport.tcp.TcpTransport.doRun(TcpTransport.java:232) ~[activemq-client-5.14.5.jar:5.14.5]
	at org.apache.activemq.transport.tcp.TcpTransport.run(TcpTransport.java:215) ~[activemq-client-5.14.5.jar:5.14.5]
	at java.lang.Thread.run(Thread.java:748) [na:1.8.0_141]

2018-04-24 22:55:34.404  INFO 28095 --- [ActiveMQ Task-1] o.a.a.t.failover.FailoverTransport       : Successfully reconnected to tcp://127.0.0.1:61613?wireFormat.maxInactivityDuration=0
2018-04-24 22:55:39.410  WARN 28095 --- [ActiveMQ Transport: tcp:///127.0.0.1:61613@49708] o.a.a.t.failover.FailoverTransport       : Transport (tcp://127.0.0.1:61613?wireFormat.maxInactivityDuration=0) failed , attempting to automatically reconnect: {}

java.net.SocketException: Connection reset
	at java.net.SocketInputStream.read(SocketInputStream.java:210) ~[na:1.8.0_141]
	at java.net.SocketInputStream.read(SocketInputStream.java:141) ~[na:1.8.0_141]
	at org.apache.activemq.transport.tcp.TcpBufferedInputStream.fill(TcpBufferedInputStream.java:50) ~[activemq-client-5.14.5.jar:5.14.5]
	at org.apache.activemq.transport.tcp.TcpTransport$2.fill(TcpTransport.java:634) ~[activemq-client-5.14.5.jar:5.14.5]
	at org.apache.activemq.transport.tcp.TcpBufferedInputStream.read(TcpBufferedInputStream.java:59) ~[activemq-client-5.14.5.jar:5.14.5]
	at org.apache.activemq.transport.tcp.TcpTransport$2.read(TcpTransport.java:619) ~[activemq-client-5.14.5.jar:5.14.5]
	at java.io.DataInputStream.readInt(DataInputStream.java:387) ~[na:1.8.0_141]
	at org.apache.activemq.openwire.OpenWireFormat.unmarshal(OpenWireFormat.java:268) ~[activemq-client-5.14.5.jar:5.14.5]
	at org.apache.activemq.transport.tcp.TcpTransport.readCommand(TcpTransport.java:240) ~[activemq-client-5.14.5.jar:5.14.5]
	at org.apache.activemq.transport.tcp.TcpTransport.doRun(TcpTransport.java:232) ~[activemq-client-5.14.5.jar:5.14.5]
	at org.apache.activemq.transport.tcp.TcpTransport.run(TcpTransport.java:215) ~[activemq-client-5.14.5.jar:5.14.5]
	at java.lang.Thread.run(Thread.java:748) [na:1.8.0_141]

2018-04-24 22:55:39.429  INFO 28095 --- [ActiveMQ Task-1] o.a.a.t.failover.FailoverTransport       : Successfully reconnected to tcp://127.0.0.1:61613?wireFormat.maxInactivityDuration=0
2018-04-24 22:55:44.434  WARN 28095 --- [ActiveMQ Transport: tcp:///127.0.0.1:61613@49710] o.a.a.t.failover.FailoverTransport       : Transport (tcp://127.0.0.1:61613?wireFormat.maxInactivityDuration=0) failed , attempting to automatically reconnect: {}

java.net.SocketException: Connection reset
	at java.net.SocketInputStream.read(SocketInputStream.java:210) ~[na:1.8.0_141]
	at java.net.SocketInputStream.read(SocketInputStream.java:141) ~[na:1.8.0_141]
	at org.apache.activemq.transport.tcp.TcpBufferedInputStream.fill(TcpBufferedInputStream.java:50) ~[activemq-client-5.14.5.jar:5.14.5]
	at org.apache.activemq.transport.tcp.TcpTransport$2.fill(TcpTransport.java:634) ~[activemq-client-5.14.5.jar:5.14.5]
	at org.apache.activemq.transport.tcp.TcpBufferedInputStream.read(TcpBufferedInputStream.java:59) ~[activemq-client-5.14.5.jar:5.14.5]
	at org.apache.activemq.transport.tcp.TcpTransport$2.read(TcpTransport.java:619) ~[activemq-client-5.14.5.jar:5.14.5]
	at java.io.DataInputStream.readInt(DataInputStream.java:387) ~[na:1.8.0_141]
	at org.apache.activemq.openwire.OpenWireFormat.unmarshal(OpenWireFormat.java:268) ~[activemq-client-5.14.5.jar:5.14.5]
	at org.apache.activemq.transport.tcp.TcpTransport.readCommand(TcpTransport.java:240) ~[activemq-client-5.14.5.jar:5.14.5]
	at org.apache.activemq.transport.tcp.TcpTransport.doRun(TcpTransport.java:232) ~[activemq-client-5.14.5.jar:5.14.5]
	at org.apache.activemq.transport.tcp.TcpTransport.run(TcpTransport.java:215) ~[activemq-client-5.14.5.jar:5.14.5]
	at java.lang.Thread.run(Thread.java:748) [na:1.8.0_141]

2018-04-24 22:55:44.453  INFO 28095 --- [ActiveMQ Task-1] o.a.a.t.failover.FailoverTransport       : Successfully reconnected to tcp://127.0.0.1:61613?wireFormat.maxInactivityDuration=0
2018-04-24 22:55:49.456  WARN 28095 --- [ActiveMQ Transport: tcp:///127.0.0.1:61613@49718] o.a.a.t.failover.FailoverTransport       : Transport (tcp://127.0.0.1:61613?wireFormat.maxInactivityDuration=0) failed , attempting to automatically reconnect: {}

java.net.SocketException: Connection reset
	at java.net.SocketInputStream.read(SocketInputStream.java:210) ~[na:1.8.0_141]
	at java.net.SocketInputStream.read(SocketInputStream.java:141) ~[na:1.8.0_141]
	at org.apache.activemq.transport.tcp.TcpBufferedInputStream.fill(TcpBufferedInputStream.java:50) ~[activemq-client-5.14.5.jar:5.14.5]
	at org.apache.activemq.transport.tcp.TcpTransport$2.fill(TcpTransport.java:634) ~[activemq-client-5.14.5.jar:5.14.5]
	at org.apache.activemq.transport.tcp.TcpBufferedInputStream.read(TcpBufferedInputStream.java:59) ~[activemq-client-5.14.5.jar:5.14.5]
	at org.apache.activemq.transport.tcp.TcpTransport$2.read(TcpTransport.java:619) ~[activemq-client-5.14.5.jar:5.14.5]
	at java.io.DataInputStream.readInt(DataInputStream.java:387) ~[na:1.8.0_141]
	at org.apache.activemq.openwire.OpenWireFormat.unmarshal(OpenWireFormat.java:268) ~[activemq-client-5.14.5.jar:5.14.5]
	at org.apache.activemq.transport.tcp.TcpTransport.readCommand(TcpTransport.java:240) ~[activemq-client-5.14.5.jar:5.14.5]
	at org.apache.activemq.transport.tcp.TcpTransport.doRun(TcpTransport.java:232) ~[activemq-client-5.14.5.jar:5.14.5]
	at org.apache.activemq.transport.tcp.TcpTransport.run(TcpTransport.java:215) ~[activemq-client-5.14.5.jar:5.14.5]
	at java.lang.Thread.run(Thread.java:748) [na:1.8.0_141]

2018-04-24 22:55:49.474  INFO 28095 --- [ActiveMQ Task-1] o.a.a.t.failover.FailoverTransport       : Successfully reconnected to tcp://127.0.0.1:61613?wireFormat.maxInactivityDuration=0
2018-04-24 23:15:07.931  INFO 28786 --- [main] org.xxpay.boot.XxPayBootAppliaction      : Starting XxPayBootAppliaction on yoga with PID 28786 (/media/e/code/dev/xxpay-master/xxpay4spring-boot/target/classes started by arimis in /media/e/code/dev/xxpay-master/xxpay4spring-boot)
2018-04-24 23:15:07.935  INFO 28786 --- [main] org.xxpay.boot.XxPayBootAppliaction      : The following profiles are active: activeMQ,prod
2018-04-24 23:15:08.030  INFO 28786 --- [main] ationConfigEmbeddedWebApplicationContext : Refreshing org.springframework.boot.context.embedded.AnnotationConfigEmbeddedWebApplicationContext@4218d6a3: startup date [Tue Apr 24 23:15:08 CST 2018]; root of context hierarchy
2018-04-24 23:15:10.780  INFO 28786 --- [main] trationDelegate$BeanPostProcessorChecker : Bean 'org.springframework.amqp.rabbit.annotation.RabbitBootstrapConfiguration' of type [org.springframework.amqp.rabbit.annotation.RabbitBootstrapConfiguration$$EnhancerBySpringCGLIB$$4b633569] is not eligible for getting processed by all BeanPostProcessors (for example: not eligible for auto-proxying)
2018-04-24 23:15:12.186  INFO 28786 --- [main] s.b.c.e.t.TomcatEmbeddedServletContainer : Tomcat initialized with port(s): 3020 (http)
2018-04-24 23:15:12.205  INFO 28786 --- [main] o.apache.catalina.core.StandardService   : Starting service [Tomcat]
2018-04-24 23:15:12.207  INFO 28786 --- [main] org.apache.catalina.core.StandardEngine  : Starting Servlet Engine: Apache Tomcat/8.5.16
2018-04-24 23:15:12.398  INFO 28786 --- [localhost-startStop-1] o.a.c.c.C.[Tomcat].[localhost].[/]       : Initializing Spring embedded WebApplicationContext
2018-04-24 23:15:12.399  INFO 28786 --- [localhost-startStop-1] o.s.web.context.ContextLoader            : Root WebApplicationContext: initialization completed in 4386 ms
2018-04-24 23:15:12.692  INFO 28786 --- [localhost-startStop-1] o.s.b.w.servlet.ServletRegistrationBean  : Mapping servlet: 'dispatcherServlet' to [/]
2018-04-24 23:15:12.699  INFO 28786 --- [localhost-startStop-1] o.s.b.w.servlet.FilterRegistrationBean   : Mapping filter: 'characterEncodingFilter' to: [/*]
2018-04-24 23:15:12.700  INFO 28786 --- [localhost-startStop-1] o.s.b.w.servlet.FilterRegistrationBean   : Mapping filter: 'hiddenHttpMethodFilter' to: [/*]
2018-04-24 23:15:12.700  INFO 28786 --- [localhost-startStop-1] o.s.b.w.servlet.FilterRegistrationBean   : Mapping filter: 'httpPutFormContentFilter' to: [/*]
2018-04-24 23:15:12.700  INFO 28786 --- [localhost-startStop-1] o.s.b.w.servlet.FilterRegistrationBean   : Mapping filter: 'requestContextFilter' to: [/*]
2018-04-24 23:15:13.360  INFO 28786 --- [main] com.alibaba.druid.pool.DruidDataSource   : {dataSource-1} inited
2018-04-24 23:15:16.250  INFO 28786 --- [main] s.w.s.m.m.a.RequestMappingHandlerAdapter : Looking for @ControllerAdvice: org.springframework.boot.context.embedded.AnnotationConfigEmbeddedWebApplicationContext@4218d6a3: startup date [Tue Apr 24 23:15:08 CST 2018]; root of context hierarchy
2018-04-24 23:15:16.389  INFO 28786 --- [main] s.w.s.m.m.a.RequestMappingHandlerMapping : Mapped "{[/notify/pay/aliPayNotifyRes.htm]}" onto public java.lang.String org.xxpay.boot.ctrl.Notify4AliPayController.aliPayNotifyRes(javax.servlet.http.HttpServletRequest) throws javax.servlet.ServletException,java.io.IOException
2018-04-24 23:15:16.397  INFO 28786 --- [main] s.w.s.m.m.a.RequestMappingHandlerMapping : Mapped "{[/notify/pay/wxPayNotifyRes.htm]}" onto public java.lang.String org.xxpay.boot.ctrl.Notify4WxPayController.wxPayNotifyRes(javax.servlet.http.HttpServletRequest) throws javax.servlet.ServletException,java.io.IOException
2018-04-24 23:15:16.402  INFO 28786 --- [main] s.w.s.m.m.a.RequestMappingHandlerMapping : Mapped "{[/api/pay/create_order],consumes=[application/json],produces=[application/json]}" onto public java.lang.String org.xxpay.boot.ctrl.PayOrderController.payOrder(com.alibaba.fastjson.JSONObject)
2018-04-24 23:15:16.403  INFO 28786 --- [main] s.w.s.m.m.a.RequestMappingHandlerMapping : Mapped "{[/api/pay/create_order]}" onto public java.lang.String org.xxpay.boot.ctrl.PayOrderController.payOrder(java.lang.String)
2018-04-24 23:15:16.404  INFO 28786 --- [main] s.w.s.m.m.a.RequestMappingHandlerMapping : Mapped "{[/api/pay/query_order],consumes=[application/json],produces=[application/json]}" onto public java.lang.String org.xxpay.boot.ctrl.QueryPayOrderController.queryPayOrder(com.alibaba.fastjson.JSONObject)
2018-04-24 23:15:16.406  INFO 28786 --- [main] s.w.s.m.m.a.RequestMappingHandlerMapping : Mapped "{[/api/pay/query_order]}" onto public java.lang.String org.xxpay.boot.ctrl.QueryPayOrderController.queryPayOrder(java.lang.String)
2018-04-24 23:15:16.415  INFO 28786 --- [main] s.w.s.m.m.a.RequestMappingHandlerMapping : Mapped "{[/error],produces=[text/html]}" onto public org.springframework.web.servlet.ModelAndView org.springframework.boot.autoconfigure.web.BasicErrorController.errorHtml(javax.servlet.http.HttpServletRequest,javax.servlet.http.HttpServletResponse)
2018-04-24 23:15:16.416  INFO 28786 --- [main] s.w.s.m.m.a.RequestMappingHandlerMapping : Mapped "{[/error]}" onto public org.springframework.http.ResponseEntity<java.util.Map<java.lang.String, java.lang.Object>> org.springframework.boot.autoconfigure.web.BasicErrorController.error(javax.servlet.http.HttpServletRequest)
2018-04-24 23:15:16.486  INFO 28786 --- [main] o.s.w.s.handler.SimpleUrlHandlerMapping  : Mapped URL path [/webjars/**] onto handler of type [class org.springframework.web.servlet.resource.ResourceHttpRequestHandler]
2018-04-24 23:15:16.487  INFO 28786 --- [main] o.s.w.s.handler.SimpleUrlHandlerMapping  : Mapped URL path [/**] onto handler of type [class org.springframework.web.servlet.resource.ResourceHttpRequestHandler]
2018-04-24 23:15:16.631  INFO 28786 --- [main] o.s.w.s.handler.SimpleUrlHandlerMapping  : Mapped URL path [/**/favicon.ico] onto handler of type [class org.springframework.web.servlet.resource.ResourceHttpRequestHandler]
2018-04-24 23:15:17.409  INFO 28786 --- [main] o.s.ui.freemarker.SpringTemplateLoader   : SpringTemplateLoader for FreeMarker: using resource loader [org.springframework.boot.context.embedded.AnnotationConfigEmbeddedWebApplicationContext@4218d6a3: startup date [Tue Apr 24 23:15:08 CST 2018]; root of context hierarchy] and template loader path [classpath:/templates/]
2018-04-24 23:15:17.412  INFO 28786 --- [main] o.s.w.s.v.f.FreeMarkerConfigurer         : ClassTemplateLoader for Spring macros added to FreeMarker configuration
2018-04-24 23:15:17.458  WARN 28786 --- [main] o.s.b.a.f.FreeMarkerAutoConfiguration    : Cannot find template location(s): [classpath:/templates/] (please add some templates, check your FreeMarker configuration, or set spring.freemarker.checkTemplateLocation=false)
2018-04-24 23:15:17.901  INFO 28786 --- [main] o.s.j.e.a.AnnotationMBeanExporter        : Registering beans for JMX exposure on startup
2018-04-24 23:15:17.903  INFO 28786 --- [main] o.s.j.e.a.AnnotationMBeanExporter        : Bean with name 'dataSource' has been autodetected for JMX exposure
2018-04-24 23:15:17.916  INFO 28786 --- [main] o.s.j.e.a.AnnotationMBeanExporter        : Bean with name 'rabbitConnectionFactory' has been autodetected for JMX exposure
2018-04-24 23:15:17.925  INFO 28786 --- [main] o.s.j.e.a.AnnotationMBeanExporter        : Located MBean 'dataSource': registering with JMX server as MBean [com.alibaba.druid.pool:name=dataSource,type=DruidDataSource]
2018-04-24 23:15:17.927  INFO 28786 --- [main] o.s.j.e.a.AnnotationMBeanExporter        : Located managed bean 'rabbitConnectionFactory': registering with JMX server as MBean [org.springframework.amqp.rabbit.connection:name=rabbitConnectionFactory,type=CachingConnectionFactory]
2018-04-24 23:15:18.073  INFO 28786 --- [main] o.s.c.support.DefaultLifecycleProcessor  : Starting beans in phase -2147482648
2018-04-24 23:15:18.074  INFO 28786 --- [main] o.s.c.support.DefaultLifecycleProcessor  : Starting beans in phase 2147483647
2018-04-24 23:15:18.330  INFO 28786 --- [ActiveMQ Task-1] o.a.a.t.failover.FailoverTransport       : Successfully connected to tcp://127.0.0.1:61616?wireFormat.maxInactivityDuration=0
2018-04-24 23:15:18.530  INFO 28786 --- [main] s.b.c.e.t.TomcatEmbeddedServletContainer : Tomcat started on port(s): 3020 (http)
2018-04-24 23:15:18.536  INFO 28786 --- [main] org.xxpay.boot.XxPayBootAppliaction      : Started XxPayBootAppliaction in 11.512 seconds (JVM running for 12.303)
2018-04-24 23:20:32.765  INFO 28786 --- [Thread-4] ationConfigEmbeddedWebApplicationContext : Closing org.springframework.boot.context.embedded.AnnotationConfigEmbeddedWebApplicationContext@4218d6a3: startup date [Tue Apr 24 23:15:08 CST 2018]; root of context hierarchy
2018-04-24 23:20:32.769  INFO 28786 --- [Thread-4] o.s.c.support.DefaultLifecycleProcessor  : Stopping beans in phase 2147483647
2018-04-24 23:20:33.584  INFO 28786 --- [Thread-4] o.s.c.support.DefaultLifecycleProcessor  : Stopping beans in phase -2147482648
2018-04-24 23:20:33.611  INFO 28786 --- [Thread-4] o.s.j.e.a.AnnotationMBeanExporter        : Unregistering JMX-exposed beans on shutdown
2018-04-24 23:20:33.612  INFO 28786 --- [Thread-4] o.s.j.e.a.AnnotationMBeanExporter        : Unregistering JMX-exposed beans
2018-04-24 23:20:33.630  INFO 28786 --- [Thread-4] com.alibaba.druid.pool.DruidDataSource   : {dataSource-1} closed
