2018-04-24 00:38:16.536  INFO 20898 --- [main] org.xxpay.shop.XxPayShopApplication      : Starting XxPayShopApplication v1.0.0 on yoga with PID 20898 (/media/e/code/dev/xxpay-master/xxpay-shop/target/xxpay-shop.jar started by arimis in /media/e/code/dev/xxpay-master/xxpay-shop)
2018-04-24 00:38:16.543  INFO 20898 --- [main] org.xxpay.shop.XxPayShopApplication      : No active profile set, falling back to default profiles: default
2018-04-24 00:38:16.687  INFO 20898 --- [main] ationConfigEmbeddedWebApplicationContext : Refreshing org.springframework.boot.context.embedded.AnnotationConfigEmbeddedWebApplicationContext@108c4c35: startup date [Tue Apr 24 00:38:16 CST 2018]; root of context hierarchy
2018-04-24 00:38:19.079  INFO 20898 --- [main] s.b.c.e.t.TomcatEmbeddedServletContainer : Tomcat initialized with port(s): 8081 (http)
2018-04-24 00:38:19.094  INFO 20898 --- [main] o.apache.catalina.core.StandardService   : Starting service [Tomcat]
2018-04-24 00:38:19.101  INFO 20898 --- [main] org.apache.catalina.core.StandardEngine  : Starting Servlet Engine: Apache Tomcat/8.5.16
2018-04-24 00:38:19.286  INFO 20898 --- [localhost-startStop-1] o.a.c.c.C.[Tomcat].[localhost].[/]       : Initializing Spring embedded WebApplicationContext
2018-04-24 00:38:19.287  INFO 20898 --- [localhost-startStop-1] o.s.web.context.ContextLoader            : Root WebApplicationContext: initialization completed in 2615 ms
2018-04-24 00:38:19.471  INFO 20898 --- [localhost-startStop-1] o.s.b.w.servlet.ServletRegistrationBean  : Mapping servlet: 'dispatcherServlet' to [/]
2018-04-24 00:38:19.478  INFO 20898 --- [localhost-startStop-1] o.s.b.w.servlet.FilterRegistrationBean   : Mapping filter: 'characterEncodingFilter' to: [/*]
2018-04-24 00:38:19.479  INFO 20898 --- [localhost-startStop-1] o.s.b.w.servlet.FilterRegistrationBean   : Mapping filter: 'hiddenHttpMethodFilter' to: [/*]
2018-04-24 00:38:19.479  INFO 20898 --- [localhost-startStop-1] o.s.b.w.servlet.FilterRegistrationBean   : Mapping filter: 'httpPutFormContentFilter' to: [/*]
2018-04-24 00:38:19.480  INFO 20898 --- [localhost-startStop-1] o.s.b.w.servlet.FilterRegistrationBean   : Mapping filter: 'requestContextFilter' to: [/*]
2018-04-24 00:38:20.318  INFO 20898 --- [main] com.alibaba.druid.pool.DruidDataSource   : {dataSource-1} inited
2018-04-24 00:38:21.281  INFO 20898 --- [main] s.w.s.m.m.a.RequestMappingHandlerAdapter : Looking for @ControllerAdvice: org.springframework.boot.context.embedded.AnnotationConfigEmbeddedWebApplicationContext@108c4c35: startup date [Tue Apr 24 00:38:16 CST 2018]; root of context hierarchy
2018-04-24 00:38:21.443  INFO 20898 --- [main] s.w.s.m.m.a.RequestMappingHandlerMapping : Mapped "{[/goods/toAliPay.html]}" onto public java.lang.String org.xxpay.shop.controller.GoodsOrderController.toAliPay(javax.servlet.http.HttpServletRequest,java.lang.Long,java.lang.String)
2018-04-24 00:38:21.445  INFO 20898 --- [main] s.w.s.m.m.a.RequestMappingHandlerMapping : Mapped "{[/goods/buy/{goodsId}],methods=[GET]}" onto public java.lang.String org.xxpay.shop.controller.GoodsOrderController.buy(java.lang.String)
2018-04-24 00:38:21.446  INFO 20898 --- [main] s.w.s.m.m.a.RequestMappingHandlerMapping : Mapped "{[/goods/pay/{goodsOrderId}],methods=[GET]}" onto public java.lang.String org.xxpay.shop.controller.GoodsOrderController.pay(java.lang.String)
2018-04-24 00:38:21.446  INFO 20898 --- [main] s.w.s.m.m.a.RequestMappingHandlerMapping : Mapped "{[/goods/openQrPay.html]}" onto public java.lang.String org.xxpay.shop.controller.GoodsOrderController.openQrPay(org.springframework.ui.ModelMap)
2018-04-24 00:38:21.447  INFO 20898 --- [main] s.w.s.m.m.a.RequestMappingHandlerMapping : Mapped "{[/goods/qrPay.html]}" onto public java.lang.String org.xxpay.shop.controller.GoodsOrderController.qrPay(org.springframework.ui.ModelMap,javax.servlet.http.HttpServletRequest,java.lang.Long)
2018-04-24 00:38:21.447  INFO 20898 --- [main] s.w.s.m.m.a.RequestMappingHandlerMapping : Mapped "{[/goods/getOpenId]}" onto public void org.xxpay.shop.controller.GoodsOrderController.getOpenId(javax.servlet.http.HttpServletRequest,javax.servlet.http.HttpServletResponse) throws java.io.IOException
2018-04-24 00:38:21.448  INFO 20898 --- [main] s.w.s.m.m.a.RequestMappingHandlerMapping : Mapped "{[/goods/getOpenId2]}" onto public void org.xxpay.shop.controller.GoodsOrderController.getOpenId2(javax.servlet.http.HttpServletRequest,javax.servlet.http.HttpServletResponse) throws java.io.IOException
2018-04-24 00:38:21.448  INFO 20898 --- [main] s.w.s.m.m.a.RequestMappingHandlerMapping : Mapped "{[/goods/payNotify]}" onto public void org.xxpay.shop.controller.GoodsOrderController.payNotify(javax.servlet.http.HttpServletRequest,javax.servlet.http.HttpServletResponse) throws java.lang.Exception
2018-04-24 00:38:21.449  INFO 20898 --- [main] s.w.s.m.m.a.RequestMappingHandlerMapping : Mapped "{[/goods/notify_test]}" onto public void org.xxpay.shop.controller.GoodsOrderController.notifyTest(javax.servlet.http.HttpServletRequest,javax.servlet.http.HttpServletResponse) throws java.lang.Exception
2018-04-24 00:38:21.452  INFO 20898 --- [main] s.w.s.m.m.a.RequestMappingHandlerMapping : Mapped "{[/error],produces=[text/html]}" onto public org.springframework.web.servlet.ModelAndView org.springframework.boot.autoconfigure.web.BasicErrorController.errorHtml(javax.servlet.http.HttpServletRequest,javax.servlet.http.HttpServletResponse)
2018-04-24 00:38:21.452  INFO 20898 --- [main] s.w.s.m.m.a.RequestMappingHandlerMapping : Mapped "{[/error]}" onto public org.springframework.http.ResponseEntity<java.util.Map<java.lang.String, java.lang.Object>> org.springframework.boot.autoconfigure.web.BasicErrorController.error(javax.servlet.http.HttpServletRequest)
2018-04-24 00:38:21.526  INFO 20898 --- [main] o.s.w.s.handler.SimpleUrlHandlerMapping  : Mapped URL path [/webjars/**] onto handler of type [class org.springframework.web.servlet.resource.ResourceHttpRequestHandler]
2018-04-24 00:38:21.527  INFO 20898 --- [main] o.s.w.s.handler.SimpleUrlHandlerMapping  : Mapped URL path [/**] onto handler of type [class org.springframework.web.servlet.resource.ResourceHttpRequestHandler]
2018-04-24 00:38:21.886  INFO 20898 --- [main] o.s.ui.freemarker.SpringTemplateLoader   : SpringTemplateLoader for FreeMarker: using resource loader [org.springframework.boot.context.embedded.AnnotationConfigEmbeddedWebApplicationContext@108c4c35: startup date [Tue Apr 24 00:38:16 CST 2018]; root of context hierarchy] and template loader path [classpath:/templates/]
2018-04-24 00:38:21.888  INFO 20898 --- [main] o.s.w.s.v.f.FreeMarkerConfigurer         : ClassTemplateLoader for Spring macros added to FreeMarker configuration
2018-04-24 00:38:22.140  INFO 20898 --- [main] o.s.j.e.a.AnnotationMBeanExporter        : Registering beans for JMX exposure on startup
2018-04-24 00:38:22.142  INFO 20898 --- [main] o.s.j.e.a.AnnotationMBeanExporter        : Bean with name 'dataSource' has been autodetected for JMX exposure
2018-04-24 00:38:22.149  INFO 20898 --- [main] o.s.j.e.a.AnnotationMBeanExporter        : Located MBean 'dataSource': registering with JMX server as MBean [com.alibaba.druid.pool:name=dataSource,type=DruidDataSource]
2018-04-24 00:38:22.257  INFO 20898 --- [main] s.b.c.e.t.TomcatEmbeddedServletContainer : Tomcat started on port(s): 8081 (http)
2018-04-24 00:38:22.264  INFO 20898 --- [main] org.xxpay.shop.XxPayShopApplication      : Started XxPayShopApplication in 6.331 seconds (JVM running for 6.912)
2018-04-24 00:38:33.871  INFO 20898 --- [http-nio-8081-exec-1] o.a.c.c.C.[Tomcat].[localhost].[/]       : Initializing Spring FrameworkServlet 'dispatcherServlet'
2018-04-24 00:38:33.871  INFO 20898 --- [http-nio-8081-exec-1] o.s.web.servlet.DispatcherServlet        : FrameworkServlet 'dispatcherServlet': initialization started
2018-04-24 00:38:33.958  INFO 20898 --- [http-nio-8081-exec-1] o.s.web.servlet.DispatcherServlet        : FrameworkServlet 'dispatcherServlet': initialization completed in 85 ms
2018-04-24 00:38:36.617  INFO 20898 --- [Thread-3] ationConfigEmbeddedWebApplicationContext : Closing org.springframework.boot.context.embedded.AnnotationConfigEmbeddedWebApplicationContext@108c4c35: startup date [Tue Apr 24 00:38:16 CST 2018]; root of context hierarchy
2018-04-24 00:38:36.620  INFO 20898 --- [Thread-3] o.s.j.e.a.AnnotationMBeanExporter        : Unregistering JMX-exposed beans on shutdown
2018-04-24 00:38:36.621  INFO 20898 --- [Thread-3] o.s.j.e.a.AnnotationMBeanExporter        : Unregistering JMX-exposed beans
2018-04-24 00:38:36.652  INFO 20898 --- [Thread-3] com.alibaba.druid.pool.DruidDataSource   : {dataSource-1} closed
2018-04-24 00:38:50.796  INFO 21056 --- [main] org.xxpay.shop.XxPayShopApplication      : Starting XxPayShopApplication v1.0.0 on yoga with PID 21056 (/media/e/code/dev/xxpay-master/xxpay-shop/target/xxpay-shop.jar started by arimis in /media/e/code/dev/xxpay-master/xxpay-shop)
2018-04-24 00:38:50.802  INFO 21056 --- [main] org.xxpay.shop.XxPayShopApplication      : No active profile set, falling back to default profiles: default
2018-04-24 00:38:50.919  INFO 21056 --- [main] ationConfigEmbeddedWebApplicationContext : Refreshing org.springframework.boot.context.embedded.AnnotationConfigEmbeddedWebApplicationContext@108c4c35: startup date [Tue Apr 24 00:38:50 CST 2018]; root of context hierarchy
2018-04-24 00:38:53.309  INFO 21056 --- [main] s.b.c.e.t.TomcatEmbeddedServletContainer : Tomcat initialized with port(s): 8081 (http)
2018-04-24 00:38:53.325  INFO 21056 --- [main] o.apache.catalina.core.StandardService   : Starting service [Tomcat]
2018-04-24 00:38:53.327  INFO 21056 --- [main] org.apache.catalina.core.StandardEngine  : Starting Servlet Engine: Apache Tomcat/8.5.16
2018-04-24 00:38:53.446  INFO 21056 --- [localhost-startStop-1] o.a.c.c.C.[Tomcat].[localhost].[/]       : Initializing Spring embedded WebApplicationContext
2018-04-24 00:38:53.447  INFO 21056 --- [localhost-startStop-1] o.s.web.context.ContextLoader            : Root WebApplicationContext: initialization completed in 2537 ms
2018-04-24 00:38:53.637  INFO 21056 --- [localhost-startStop-1] o.s.b.w.servlet.ServletRegistrationBean  : Mapping servlet: 'dispatcherServlet' to [/]
2018-04-24 00:38:53.644  INFO 21056 --- [localhost-startStop-1] o.s.b.w.servlet.FilterRegistrationBean   : Mapping filter: 'characterEncodingFilter' to: [/*]
2018-04-24 00:38:53.645  INFO 21056 --- [localhost-startStop-1] o.s.b.w.servlet.FilterRegistrationBean   : Mapping filter: 'hiddenHttpMethodFilter' to: [/*]
2018-04-24 00:38:53.645  INFO 21056 --- [localhost-startStop-1] o.s.b.w.servlet.FilterRegistrationBean   : Mapping filter: 'httpPutFormContentFilter' to: [/*]
2018-04-24 00:38:53.645  INFO 21056 --- [localhost-startStop-1] o.s.b.w.servlet.FilterRegistrationBean   : Mapping filter: 'requestContextFilter' to: [/*]
2018-04-24 00:38:54.414  INFO 21056 --- [main] com.alibaba.druid.pool.DruidDataSource   : {dataSource-1} inited
2018-04-24 00:38:55.333  INFO 21056 --- [main] s.w.s.m.m.a.RequestMappingHandlerAdapter : Looking for @ControllerAdvice: org.springframework.boot.context.embedded.AnnotationConfigEmbeddedWebApplicationContext@108c4c35: startup date [Tue Apr 24 00:38:50 CST 2018]; root of context hierarchy
2018-04-24 00:38:55.435  INFO 21056 --- [main] s.w.s.m.m.a.RequestMappingHandlerMapping : Mapped "{[/goods/buy/{goodsId}],methods=[GET]}" onto public java.lang.String org.xxpay.shop.controller.GoodsOrderController.buy(java.lang.String)
2018-04-24 00:38:55.437  INFO 21056 --- [main] s.w.s.m.m.a.RequestMappingHandlerMapping : Mapped "{[/goods/pay/{goodsOrderId}],methods=[GET]}" onto public java.lang.String org.xxpay.shop.controller.GoodsOrderController.pay(java.lang.String)
2018-04-24 00:38:55.438  INFO 21056 --- [main] s.w.s.m.m.a.RequestMappingHandlerMapping : Mapped "{[/goods/openQrPay.html]}" onto public java.lang.String org.xxpay.shop.controller.GoodsOrderController.openQrPay(org.springframework.ui.ModelMap)
2018-04-24 00:38:55.438  INFO 21056 --- [main] s.w.s.m.m.a.RequestMappingHandlerMapping : Mapped "{[/goods/qrPay.html]}" onto public java.lang.String org.xxpay.shop.controller.GoodsOrderController.qrPay(org.springframework.ui.ModelMap,javax.servlet.http.HttpServletRequest,java.lang.Long)
2018-04-24 00:38:55.438  INFO 21056 --- [main] s.w.s.m.m.a.RequestMappingHandlerMapping : Mapped "{[/goods/getOpenId]}" onto public void org.xxpay.shop.controller.GoodsOrderController.getOpenId(javax.servlet.http.HttpServletRequest,javax.servlet.http.HttpServletResponse) throws java.io.IOException
2018-04-24 00:38:55.439  INFO 21056 --- [main] s.w.s.m.m.a.RequestMappingHandlerMapping : Mapped "{[/goods/getOpenId2]}" onto public void org.xxpay.shop.controller.GoodsOrderController.getOpenId2(javax.servlet.http.HttpServletRequest,javax.servlet.http.HttpServletResponse) throws java.io.IOException
2018-04-24 00:38:55.439  INFO 21056 --- [main] s.w.s.m.m.a.RequestMappingHandlerMapping : Mapped "{[/goods/payNotify]}" onto public void org.xxpay.shop.controller.GoodsOrderController.payNotify(javax.servlet.http.HttpServletRequest,javax.servlet.http.HttpServletResponse) throws java.lang.Exception
2018-04-24 00:38:55.440  INFO 21056 --- [main] s.w.s.m.m.a.RequestMappingHandlerMapping : Mapped "{[/goods/notify_test]}" onto public void org.xxpay.shop.controller.GoodsOrderController.notifyTest(javax.servlet.http.HttpServletRequest,javax.servlet.http.HttpServletResponse) throws java.lang.Exception
2018-04-24 00:38:55.440  INFO 21056 --- [main] s.w.s.m.m.a.RequestMappingHandlerMapping : Mapped "{[/goods/toAliPay.html]}" onto public java.lang.String org.xxpay.shop.controller.GoodsOrderController.toAliPay(javax.servlet.http.HttpServletRequest,java.lang.Long,java.lang.String)
2018-04-24 00:38:55.443  INFO 21056 --- [main] s.w.s.m.m.a.RequestMappingHandlerMapping : Mapped "{[/error],produces=[text/html]}" onto public org.springframework.web.servlet.ModelAndView org.springframework.boot.autoconfigure.web.BasicErrorController.errorHtml(javax.servlet.http.HttpServletRequest,javax.servlet.http.HttpServletResponse)
2018-04-24 00:38:55.444  INFO 21056 --- [main] s.w.s.m.m.a.RequestMappingHandlerMapping : Mapped "{[/error]}" onto public org.springframework.http.ResponseEntity<java.util.Map<java.lang.String, java.lang.Object>> org.springframework.boot.autoconfigure.web.BasicErrorController.error(javax.servlet.http.HttpServletRequest)
2018-04-24 00:38:55.483  INFO 21056 --- [main] o.s.w.s.handler.SimpleUrlHandlerMapping  : Mapped URL path [/webjars/**] onto handler of type [class org.springframework.web.servlet.resource.ResourceHttpRequestHandler]
2018-04-24 00:38:55.483  INFO 21056 --- [main] o.s.w.s.handler.SimpleUrlHandlerMapping  : Mapped URL path [/**] onto handler of type [class org.springframework.web.servlet.resource.ResourceHttpRequestHandler]
2018-04-24 00:38:55.714  INFO 21056 --- [main] o.s.ui.freemarker.SpringTemplateLoader   : SpringTemplateLoader for FreeMarker: using resource loader [org.springframework.boot.context.embedded.AnnotationConfigEmbeddedWebApplicationContext@108c4c35: startup date [Tue Apr 24 00:38:50 CST 2018]; root of context hierarchy] and template loader path [classpath:/templates/]
2018-04-24 00:38:55.716  INFO 21056 --- [main] o.s.w.s.v.f.FreeMarkerConfigurer         : ClassTemplateLoader for Spring macros added to FreeMarker configuration
2018-04-24 00:38:55.877  INFO 21056 --- [main] o.s.j.e.a.AnnotationMBeanExporter        : Registering beans for JMX exposure on startup
2018-04-24 00:38:55.879  INFO 21056 --- [main] o.s.j.e.a.AnnotationMBeanExporter        : Bean with name 'dataSource' has been autodetected for JMX exposure
2018-04-24 00:38:55.884  INFO 21056 --- [main] o.s.j.e.a.AnnotationMBeanExporter        : Located MBean 'dataSource': registering with JMX server as MBean [com.alibaba.druid.pool:name=dataSource,type=DruidDataSource]
2018-04-24 00:38:55.950  INFO 21056 --- [main] s.b.c.e.t.TomcatEmbeddedServletContainer : Tomcat started on port(s): 8081 (http)
2018-04-24 00:38:55.959  INFO 21056 --- [main] org.xxpay.shop.XxPayShopApplication      : Started XxPayShopApplication in 5.745 seconds (JVM running for 6.381)
2018-04-24 00:39:02.538  INFO 21056 --- [http-nio-8081-exec-1] o.a.c.c.C.[Tomcat].[localhost].[/]       : Initializing Spring FrameworkServlet 'dispatcherServlet'
2018-04-24 00:39:02.538  INFO 21056 --- [http-nio-8081-exec-1] o.s.web.servlet.DispatcherServlet        : FrameworkServlet 'dispatcherServlet': initialization started
2018-04-24 00:39:02.586  INFO 21056 --- [http-nio-8081-exec-1] o.s.web.servlet.DispatcherServlet        : FrameworkServlet 'dispatcherServlet': initialization completed in 47 ms
2018-04-24 00:40:34.848  INFO 21056 --- [Thread-3] ationConfigEmbeddedWebApplicationContext : Closing org.springframework.boot.context.embedded.AnnotationConfigEmbeddedWebApplicationContext@108c4c35: startup date [Tue Apr 24 00:38:50 CST 2018]; root of context hierarchy
2018-04-24 00:40:34.880  INFO 21056 --- [Thread-3] o.s.j.e.a.AnnotationMBeanExporter        : Unregistering JMX-exposed beans on shutdown
2018-04-24 00:40:34.885  INFO 21056 --- [Thread-3] o.s.j.e.a.AnnotationMBeanExporter        : Unregistering JMX-exposed beans
2018-04-24 00:40:34.988  INFO 21056 --- [Thread-3] com.alibaba.druid.pool.DruidDataSource   : {dataSource-1} closed
2018-04-24 19:19:00.270  INFO 27023 --- [main] org.xxpay.shop.XxPayShopApplication      : Starting XxPayShopApplication on yoga with PID 27023 (/media/e/code/dev/xxpay-master/xxpay-shop/target/classes started by arimis in /media/e/code/dev/xxpay-master/xxpay-shop)
2018-04-24 19:19:00.288  INFO 27023 --- [main] org.xxpay.shop.XxPayShopApplication      : No active profile set, falling back to default profiles: default
2018-04-24 19:19:00.493  INFO 27023 --- [main] ationConfigEmbeddedWebApplicationContext : Refreshing org.springframework.boot.context.embedded.AnnotationConfigEmbeddedWebApplicationContext@4860827a: startup date [Tue Apr 24 19:19:00 CST 2018]; root of context hierarchy
2018-04-24 19:19:04.365  INFO 27023 --- [main] s.b.c.e.t.TomcatEmbeddedServletContainer : Tomcat initialized with port(s): 8081 (http)
2018-04-24 19:19:04.390  INFO 27023 --- [main] o.apache.catalina.core.StandardService   : Starting service [Tomcat]
2018-04-24 19:19:04.392  INFO 27023 --- [main] org.apache.catalina.core.StandardEngine  : Starting Servlet Engine: Apache Tomcat/8.5.16
2018-04-24 19:19:04.608  INFO 27023 --- [localhost-startStop-1] o.a.c.c.C.[Tomcat].[localhost].[/]       : Initializing Spring embedded WebApplicationContext
2018-04-24 19:19:04.609  INFO 27023 --- [localhost-startStop-1] o.s.web.context.ContextLoader            : Root WebApplicationContext: initialization completed in 4122 ms
2018-04-24 19:19:04.854  INFO 27023 --- [localhost-startStop-1] o.s.b.w.servlet.ServletRegistrationBean  : Mapping servlet: 'dispatcherServlet' to [/]
2018-04-24 19:19:04.862  INFO 27023 --- [localhost-startStop-1] o.s.b.w.servlet.FilterRegistrationBean   : Mapping filter: 'characterEncodingFilter' to: [/*]
2018-04-24 19:19:04.863  INFO 27023 --- [localhost-startStop-1] o.s.b.w.servlet.FilterRegistrationBean   : Mapping filter: 'hiddenHttpMethodFilter' to: [/*]
2018-04-24 19:19:04.864  INFO 27023 --- [localhost-startStop-1] o.s.b.w.servlet.FilterRegistrationBean   : Mapping filter: 'httpPutFormContentFilter' to: [/*]
2018-04-24 19:19:04.864  INFO 27023 --- [localhost-startStop-1] o.s.b.w.servlet.FilterRegistrationBean   : Mapping filter: 'requestContextFilter' to: [/*]
2018-04-24 19:19:06.840  INFO 27023 --- [main] com.alibaba.druid.pool.DruidDataSource   : {dataSource-1} inited
2018-04-24 19:19:08.423  INFO 27023 --- [main] s.w.s.m.m.a.RequestMappingHandlerAdapter : Looking for @ControllerAdvice: org.springframework.boot.context.embedded.AnnotationConfigEmbeddedWebApplicationContext@4860827a: startup date [Tue Apr 24 19:19:00 CST 2018]; root of context hierarchy
2018-04-24 19:19:08.555  INFO 27023 --- [main] s.w.s.m.m.a.RequestMappingHandlerMapping : Mapped "{[/goods/buy/{goodsId}],methods=[GET]}" onto public java.lang.String org.xxpay.shop.controller.GoodsOrderController.buy(java.lang.String)
2018-04-24 19:19:08.557  INFO 27023 --- [main] s.w.s.m.m.a.RequestMappingHandlerMapping : Mapped "{[/goods/pay/{goodsOrderId}],methods=[GET]}" onto public java.lang.String org.xxpay.shop.controller.GoodsOrderController.pay(java.lang.String)
2018-04-24 19:19:08.558  INFO 27023 --- [main] s.w.s.m.m.a.RequestMappingHandlerMapping : Mapped "{[/goods/openQrPay.html]}" onto public java.lang.String org.xxpay.shop.controller.GoodsOrderController.openQrPay(org.springframework.ui.ModelMap)
2018-04-24 19:19:08.559  INFO 27023 --- [main] s.w.s.m.m.a.RequestMappingHandlerMapping : Mapped "{[/goods/qrPay.html]}" onto public java.lang.String org.xxpay.shop.controller.GoodsOrderController.qrPay(org.springframework.ui.ModelMap,javax.servlet.http.HttpServletRequest,java.lang.Long)
2018-04-24 19:19:08.560  INFO 27023 --- [main] s.w.s.m.m.a.RequestMappingHandlerMapping : Mapped "{[/goods/getOpenId]}" onto public void org.xxpay.shop.controller.GoodsOrderController.getOpenId(javax.servlet.http.HttpServletRequest,javax.servlet.http.HttpServletResponse) throws java.io.IOException
2018-04-24 19:19:08.560  INFO 27023 --- [main] s.w.s.m.m.a.RequestMappingHandlerMapping : Mapped "{[/goods/getOpenId2]}" onto public void org.xxpay.shop.controller.GoodsOrderController.getOpenId2(javax.servlet.http.HttpServletRequest,javax.servlet.http.HttpServletResponse) throws java.io.IOException
2018-04-24 19:19:08.561  INFO 27023 --- [main] s.w.s.m.m.a.RequestMappingHandlerMapping : Mapped "{[/goods/payNotify]}" onto public void org.xxpay.shop.controller.GoodsOrderController.payNotify(javax.servlet.http.HttpServletRequest,javax.servlet.http.HttpServletResponse) throws java.lang.Exception
2018-04-24 19:19:08.562  INFO 27023 --- [main] s.w.s.m.m.a.RequestMappingHandlerMapping : Mapped "{[/goods/notify_test]}" onto public void org.xxpay.shop.controller.GoodsOrderController.notifyTest(javax.servlet.http.HttpServletRequest,javax.servlet.http.HttpServletResponse) throws java.lang.Exception
2018-04-24 19:19:08.562  INFO 27023 --- [main] s.w.s.m.m.a.RequestMappingHandlerMapping : Mapped "{[/goods/toAliPay.html]}" onto public java.lang.String org.xxpay.shop.controller.GoodsOrderController.toAliPay(javax.servlet.http.HttpServletRequest,java.lang.Long,java.lang.String)
2018-04-24 19:19:08.566  INFO 27023 --- [main] s.w.s.m.m.a.RequestMappingHandlerMapping : Mapped "{[/error],produces=[text/html]}" onto public org.springframework.web.servlet.ModelAndView org.springframework.boot.autoconfigure.web.BasicErrorController.errorHtml(javax.servlet.http.HttpServletRequest,javax.servlet.http.HttpServletResponse)
2018-04-24 19:19:08.567  INFO 27023 --- [main] s.w.s.m.m.a.RequestMappingHandlerMapping : Mapped "{[/error]}" onto public org.springframework.http.ResponseEntity<java.util.Map<java.lang.String, java.lang.Object>> org.springframework.boot.autoconfigure.web.BasicErrorController.error(javax.servlet.http.HttpServletRequest)
2018-04-24 19:19:08.639  INFO 27023 --- [main] o.s.w.s.handler.SimpleUrlHandlerMapping  : Mapped URL path [/webjars/**] onto handler of type [class org.springframework.web.servlet.resource.ResourceHttpRequestHandler]
2018-04-24 19:19:08.639  INFO 27023 --- [main] o.s.w.s.handler.SimpleUrlHandlerMapping  : Mapped URL path [/**] onto handler of type [class org.springframework.web.servlet.resource.ResourceHttpRequestHandler]
2018-04-24 19:19:09.219  INFO 27023 --- [main] o.s.w.s.v.f.FreeMarkerConfigurer         : ClassTemplateLoader for Spring macros added to FreeMarker configuration
2018-04-24 19:19:09.649  INFO 27023 --- [main] o.s.j.e.a.AnnotationMBeanExporter        : Registering beans for JMX exposure on startup
2018-04-24 19:19:09.651  INFO 27023 --- [main] o.s.j.e.a.AnnotationMBeanExporter        : Bean with name 'dataSource' has been autodetected for JMX exposure
2018-04-24 19:19:09.659  INFO 27023 --- [main] o.s.j.e.a.AnnotationMBeanExporter        : Located MBean 'dataSource': registering with JMX server as MBean [com.alibaba.druid.pool:name=dataSource,type=DruidDataSource]
2018-04-24 19:19:09.766  INFO 27023 --- [main] s.b.c.e.t.TomcatEmbeddedServletContainer : Tomcat started on port(s): 8081 (http)
2018-04-24 19:19:09.775  INFO 27023 --- [main] org.xxpay.shop.XxPayShopApplication      : Started XxPayShopApplication in 11.205 seconds (JVM running for 13.293)
2018-04-24 19:19:19.692  INFO 27023 --- [Thread-5] ationConfigEmbeddedWebApplicationContext : Closing org.springframework.boot.context.embedded.AnnotationConfigEmbeddedWebApplicationContext@4860827a: startup date [Tue Apr 24 19:19:00 CST 2018]; root of context hierarchy
2018-04-24 19:19:19.766  INFO 27023 --- [Thread-5] o.s.j.e.a.AnnotationMBeanExporter        : Unregistering JMX-exposed beans on shutdown
2018-04-24 19:19:19.771  INFO 27023 --- [Thread-5] o.s.j.e.a.AnnotationMBeanExporter        : Unregistering JMX-exposed beans
2018-04-24 19:19:19.806  INFO 27023 --- [Thread-5] com.alibaba.druid.pool.DruidDataSource   : {dataSource-1} closed
