2018-04-24 00:39:45.992  INFO 21147 --- [main] org.xxpay.XxPayMgrApplication            : Starting XxPayMgrApplication v1.0.0 on yoga with PID 21147 (/media/e/code/dev/xxpay-master/xxpay-mgr/target/xxpay-mgr.jar started by arimis in /media/e/code/dev/xxpay-master/xxpay-mgr)
2018-04-24 00:39:45.997  INFO 21147 --- [main] org.xxpay.XxPayMgrApplication            : No active profile set, falling back to default profiles: default
2018-04-24 00:39:46.143  INFO 21147 --- [main] ationConfigEmbeddedWebApplicationContext : Refreshing org.springframework.boot.context.embedded.AnnotationConfigEmbeddedWebApplicationContext@108c4c35: startup date [Tue Apr 24 00:39:46 CST 2018]; root of context hierarchy
2018-04-24 00:39:49.468  INFO 21147 --- [main] s.b.c.e.t.TomcatEmbeddedServletContainer : Tomcat initialized with port(s): 8092 (http)
2018-04-24 00:39:49.489  INFO 21147 --- [main] o.apache.catalina.core.StandardService   : Starting service [Tomcat]
2018-04-24 00:39:49.491  INFO 21147 --- [main] org.apache.catalina.core.StandardEngine  : Starting Servlet Engine: Apache Tomcat/8.5.16
2018-04-24 00:39:49.633  INFO 21147 --- [localhost-startStop-1] o.a.c.c.C.[Tomcat].[localhost].[/]       : Initializing Spring embedded WebApplicationContext
2018-04-24 00:39:49.634  INFO 21147 --- [localhost-startStop-1] o.s.web.context.ContextLoader            : Root WebApplicationContext: initialization completed in 3495 ms
2018-04-24 00:39:49.803  INFO 21147 --- [localhost-startStop-1] o.s.b.w.servlet.ServletRegistrationBean  : Mapping servlet: 'dispatcherServlet' to [/]
2018-04-24 00:39:49.812  INFO 21147 --- [localhost-startStop-1] o.s.b.w.servlet.FilterRegistrationBean   : Mapping filter: 'characterEncodingFilter' to: [/*]
2018-04-24 00:39:49.813  INFO 21147 --- [localhost-startStop-1] o.s.b.w.servlet.FilterRegistrationBean   : Mapping filter: 'hiddenHttpMethodFilter' to: [/*]
2018-04-24 00:39:49.813  INFO 21147 --- [localhost-startStop-1] o.s.b.w.servlet.FilterRegistrationBean   : Mapping filter: 'httpPutFormContentFilter' to: [/*]
2018-04-24 00:39:49.813  INFO 21147 --- [localhost-startStop-1] o.s.b.w.servlet.FilterRegistrationBean   : Mapping filter: 'requestContextFilter' to: [/*]
2018-04-24 00:39:50.963  INFO 21147 --- [main] com.alibaba.druid.pool.DruidDataSource   : {dataSource-1} inited
2018-04-24 00:39:52.907  INFO 21147 --- [main] s.w.s.m.m.a.RequestMappingHandlerAdapter : Looking for @ControllerAdvice: org.springframework.boot.context.embedded.AnnotationConfigEmbeddedWebApplicationContext@108c4c35: startup date [Tue Apr 24 00:39:46 CST 2018]; root of context hierarchy
2018-04-24 00:39:53.099  INFO 21147 --- [main] s.w.s.m.m.a.RequestMappingHandlerMapping : Mapped "{[/mch_info/view.html]}" onto public java.lang.String org.xxpay.mgr.controller.MchInfoController.viewInput(java.lang.String,org.springframework.ui.ModelMap)
2018-04-24 00:39:53.101  INFO 21147 --- [main] s.w.s.m.m.a.RequestMappingHandlerMapping : Mapped "{[/mch_info/list.html]}" onto public java.lang.String org.xxpay.mgr.controller.MchInfoController.listInput(org.springframework.ui.ModelMap)
2018-04-24 00:39:53.102  INFO 21147 --- [main] s.w.s.m.m.a.RequestMappingHandlerMapping : Mapped "{[/mch_info/edit.html]}" onto public java.lang.String org.xxpay.mgr.controller.MchInfoController.editInput(java.lang.String,org.springframework.ui.ModelMap)
2018-04-24 00:39:53.102  INFO 21147 --- [main] s.w.s.m.m.a.RequestMappingHandlerMapping : Mapped "{[/mch_info/list]}" onto public java.lang.String org.xxpay.mgr.controller.MchInfoController.list(org.xxpay.dal.dao.model.MchInfo,java.lang.Integer,java.lang.Integer)
2018-04-24 00:39:53.103  INFO 21147 --- [main] s.w.s.m.m.a.RequestMappingHandlerMapping : Mapped "{[/mch_info/save],methods=[POST]}" onto public java.lang.String org.xxpay.mgr.controller.MchInfoController.save(java.lang.String)
2018-04-24 00:39:53.105  INFO 21147 --- [main] s.w.s.m.m.a.RequestMappingHandlerMapping : Mapped "{[/mch_notify/view.html]}" onto public java.lang.String org.xxpay.mgr.controller.MchNotifyController.viewInput(java.lang.String,org.springframework.ui.ModelMap)
2018-04-24 00:39:53.105  INFO 21147 --- [main] s.w.s.m.m.a.RequestMappingHandlerMapping : Mapped "{[/mch_notify/list.html]}" onto public java.lang.String org.xxpay.mgr.controller.MchNotifyController.listInput(org.springframework.ui.ModelMap)
2018-04-24 00:39:53.105  INFO 21147 --- [main] s.w.s.m.m.a.RequestMappingHandlerMapping : Mapped "{[/mch_notify/list]}" onto public java.lang.String org.xxpay.mgr.controller.MchNotifyController.list(org.xxpay.dal.dao.model.MchNotify,java.lang.Integer,java.lang.Integer)
2018-04-24 00:39:53.108  INFO 21147 --- [main] s.w.s.m.m.a.RequestMappingHandlerMapping : Mapped "{[/pay_channel/view.html]}" onto public java.lang.String org.xxpay.mgr.controller.PayChannelController.viewInput(java.lang.String,org.springframework.ui.ModelMap)
2018-04-24 00:39:53.108  INFO 21147 --- [main] s.w.s.m.m.a.RequestMappingHandlerMapping : Mapped "{[/pay_channel/list.html]}" onto public java.lang.String org.xxpay.mgr.controller.PayChannelController.listInput(org.springframework.ui.ModelMap)
2018-04-24 00:39:53.109  INFO 21147 --- [main] s.w.s.m.m.a.RequestMappingHandlerMapping : Mapped "{[/pay_channel/edit.html]}" onto public java.lang.String org.xxpay.mgr.controller.PayChannelController.editInput(java.lang.String,org.springframework.ui.ModelMap)
2018-04-24 00:39:53.109  INFO 21147 --- [main] s.w.s.m.m.a.RequestMappingHandlerMapping : Mapped "{[/pay_channel/list]}" onto public java.lang.String org.xxpay.mgr.controller.PayChannelController.list(org.xxpay.dal.dao.model.PayChannel,java.lang.Integer,java.lang.Integer)
2018-04-24 00:39:53.109  INFO 21147 --- [main] s.w.s.m.m.a.RequestMappingHandlerMapping : Mapped "{[/pay_channel/save],methods=[POST]}" onto public java.lang.String org.xxpay.mgr.controller.PayChannelController.save(java.lang.String)
2018-04-24 00:39:53.114  INFO 21147 --- [main] s.w.s.m.m.a.RequestMappingHandlerMapping : Mapped "{[/pay_order/view.html]}" onto public java.lang.String org.xxpay.mgr.controller.PayOrderController.viewInput(java.lang.String,org.springframework.ui.ModelMap)
2018-04-24 00:39:53.114  INFO 21147 --- [main] s.w.s.m.m.a.RequestMappingHandlerMapping : Mapped "{[/pay_order/list.html]}" onto public java.lang.String org.xxpay.mgr.controller.PayOrderController.listInput(org.springframework.ui.ModelMap)
2018-04-24 00:39:53.115  INFO 21147 --- [main] s.w.s.m.m.a.RequestMappingHandlerMapping : Mapped "{[/pay_order/list]}" onto public java.lang.String org.xxpay.mgr.controller.PayOrderController.list(org.xxpay.dal.dao.model.PayOrder,java.lang.Integer,java.lang.Integer)
2018-04-24 00:39:53.116  INFO 21147 --- [main] s.w.s.m.m.a.RequestMappingHandlerMapping : Mapped "{[/refund_order/view.html]}" onto public java.lang.String org.xxpay.mgr.controller.RefundOrderController.viewInput(java.lang.String,org.springframework.ui.ModelMap)
2018-04-24 00:39:53.117  INFO 21147 --- [main] s.w.s.m.m.a.RequestMappingHandlerMapping : Mapped "{[/refund_order/list.html]}" onto public java.lang.String org.xxpay.mgr.controller.RefundOrderController.listInput(org.springframework.ui.ModelMap)
2018-04-24 00:39:53.117  INFO 21147 --- [main] s.w.s.m.m.a.RequestMappingHandlerMapping : Mapped "{[/refund_order/list]}" onto public java.lang.String org.xxpay.mgr.controller.RefundOrderController.list(org.xxpay.dal.dao.model.RefundOrder,java.lang.Integer,java.lang.Integer)
2018-04-24 00:39:53.118  INFO 21147 --- [main] s.w.s.m.m.a.RequestMappingHandlerMapping : Mapped "{[/trans_order/view.html]}" onto public java.lang.String org.xxpay.mgr.controller.TransOrderController.viewInput(java.lang.String,org.springframework.ui.ModelMap)
2018-04-24 00:39:53.119  INFO 21147 --- [main] s.w.s.m.m.a.RequestMappingHandlerMapping : Mapped "{[/trans_order/list.html]}" onto public java.lang.String org.xxpay.mgr.controller.TransOrderController.listInput(org.springframework.ui.ModelMap)
2018-04-24 00:39:53.119  INFO 21147 --- [main] s.w.s.m.m.a.RequestMappingHandlerMapping : Mapped "{[/trans_order/list]}" onto public java.lang.String org.xxpay.mgr.controller.TransOrderController.list(org.xxpay.dal.dao.model.TransOrder,java.lang.Integer,java.lang.Integer)
2018-04-24 00:39:53.122  INFO 21147 --- [main] s.w.s.m.m.a.RequestMappingHandlerMapping : Mapped "{[/error],produces=[text/html]}" onto public org.springframework.web.servlet.ModelAndView org.springframework.boot.autoconfigure.web.BasicErrorController.errorHtml(javax.servlet.http.HttpServletRequest,javax.servlet.http.HttpServletResponse)
2018-04-24 00:39:53.122  INFO 21147 --- [main] s.w.s.m.m.a.RequestMappingHandlerMapping : Mapped "{[/error]}" onto public org.springframework.http.ResponseEntity<java.util.Map<java.lang.String, java.lang.Object>> org.springframework.boot.autoconfigure.web.BasicErrorController.error(javax.servlet.http.HttpServletRequest)
2018-04-24 00:39:53.164  INFO 21147 --- [main] o.s.w.s.handler.SimpleUrlHandlerMapping  : Mapped URL path [/webjars/**] onto handler of type [class org.springframework.web.servlet.resource.ResourceHttpRequestHandler]
2018-04-24 00:39:53.164  INFO 21147 --- [main] o.s.w.s.handler.SimpleUrlHandlerMapping  : Mapped URL path [/**] onto handler of type [class org.springframework.web.servlet.resource.ResourceHttpRequestHandler]
2018-04-24 00:39:53.347  INFO 21147 --- [main] oConfiguration$WelcomePageHandlerMapping : Adding welcome page: class path resource [static/index.html]
2018-04-24 00:39:53.894  INFO 21147 --- [main] o.s.ui.freemarker.SpringTemplateLoader   : SpringTemplateLoader for FreeMarker: using resource loader [org.springframework.boot.context.embedded.AnnotationConfigEmbeddedWebApplicationContext@108c4c35: startup date [Tue Apr 24 00:39:46 CST 2018]; root of context hierarchy] and template loader path [classpath:/templates/]
2018-04-24 00:39:53.896  INFO 21147 --- [main] o.s.w.s.v.f.FreeMarkerConfigurer         : ClassTemplateLoader for Spring macros added to FreeMarker configuration
2018-04-24 00:39:54.330  INFO 21147 --- [main] o.s.j.e.a.AnnotationMBeanExporter        : Registering beans for JMX exposure on startup
2018-04-24 00:39:54.340  INFO 21147 --- [main] o.s.j.e.a.AnnotationMBeanExporter        : Bean with name 'dataSource' has been autodetected for JMX exposure
2018-04-24 00:39:54.355  INFO 21147 --- [main] o.s.j.e.a.AnnotationMBeanExporter        : Located MBean 'dataSource': registering with JMX server as MBean [com.alibaba.druid.pool:name=dataSource,type=DruidDataSource]
2018-04-24 00:39:54.459  INFO 21147 --- [main] s.b.c.e.t.TomcatEmbeddedServletContainer : Tomcat started on port(s): 8092 (http)
2018-04-24 00:39:54.464  INFO 21147 --- [main] org.xxpay.XxPayMgrApplication            : Started XxPayMgrApplication in 9.055 seconds (JVM running for 9.73)
2018-04-24 00:39:54.862  INFO 21147 --- [http-nio-8092-exec-1] o.a.c.c.C.[Tomcat].[localhost].[/]       : Initializing Spring FrameworkServlet 'dispatcherServlet'
2018-04-24 00:39:54.862  INFO 21147 --- [http-nio-8092-exec-1] o.s.web.servlet.DispatcherServlet        : FrameworkServlet 'dispatcherServlet': initialization started
2018-04-24 00:39:54.893  INFO 21147 --- [http-nio-8092-exec-1] o.s.web.servlet.DispatcherServlet        : FrameworkServlet 'dispatcherServlet': initialization completed in 31 ms
2018-04-24 00:40:34.844  INFO 21147 --- [Thread-3] ationConfigEmbeddedWebApplicationContext : Closing org.springframework.boot.context.embedded.AnnotationConfigEmbeddedWebApplicationContext@108c4c35: startup date [Tue Apr 24 00:39:46 CST 2018]; root of context hierarchy
2018-04-24 00:40:34.861  INFO 21147 --- [Thread-3] o.s.j.e.a.AnnotationMBeanExporter        : Unregistering JMX-exposed beans on shutdown
2018-04-24 00:40:34.876  INFO 21147 --- [Thread-3] o.s.j.e.a.AnnotationMBeanExporter        : Unregistering JMX-exposed beans
2018-04-24 00:40:34.943  INFO 21147 --- [Thread-3] com.alibaba.druid.pool.DruidDataSource   : {dataSource-1} closed
2018-04-24 19:17:43.478  INFO 26873 --- [main] org.xxpay.XxPayMgrApplication            : Starting XxPayMgrApplication on yoga with PID 26873 (/media/e/code/dev/xxpay-master/xxpay-mgr/target/classes started by arimis in /media/e/code/dev/xxpay-master/xxpay-mgr)
2018-04-24 19:17:43.481  INFO 26873 --- [main] org.xxpay.XxPayMgrApplication            : No active profile set, falling back to default profiles: default
2018-04-24 19:17:43.557  INFO 26873 --- [main] ationConfigEmbeddedWebApplicationContext : Refreshing org.springframework.boot.context.embedded.AnnotationConfigEmbeddedWebApplicationContext@58fdd99: startup date [Tue Apr 24 19:17:43 CST 2018]; root of context hierarchy
2018-04-24 19:17:47.119  INFO 26873 --- [main] s.b.c.e.t.TomcatEmbeddedServletContainer : Tomcat initialized with port(s): 8092 (http)
2018-04-24 19:17:47.178  INFO 26873 --- [main] o.apache.catalina.core.StandardService   : Starting service [Tomcat]
2018-04-24 19:17:47.180  INFO 26873 --- [main] org.apache.catalina.core.StandardEngine  : Starting Servlet Engine: Apache Tomcat/8.5.16
2018-04-24 19:17:47.516  INFO 26873 --- [localhost-startStop-1] o.a.c.c.C.[Tomcat].[localhost].[/]       : Initializing Spring embedded WebApplicationContext
2018-04-24 19:17:47.518  INFO 26873 --- [localhost-startStop-1] o.s.web.context.ContextLoader            : Root WebApplicationContext: initialization completed in 3964 ms
2018-04-24 19:17:47.807  INFO 26873 --- [localhost-startStop-1] o.s.b.w.servlet.ServletRegistrationBean  : Mapping servlet: 'dispatcherServlet' to [/]
2018-04-24 19:17:47.841  INFO 26873 --- [localhost-startStop-1] o.s.b.w.servlet.FilterRegistrationBean   : Mapping filter: 'characterEncodingFilter' to: [/*]
2018-04-24 19:17:47.843  INFO 26873 --- [localhost-startStop-1] o.s.b.w.servlet.FilterRegistrationBean   : Mapping filter: 'hiddenHttpMethodFilter' to: [/*]
2018-04-24 19:17:47.844  INFO 26873 --- [localhost-startStop-1] o.s.b.w.servlet.FilterRegistrationBean   : Mapping filter: 'httpPutFormContentFilter' to: [/*]
2018-04-24 19:17:47.845  INFO 26873 --- [localhost-startStop-1] o.s.b.w.servlet.FilterRegistrationBean   : Mapping filter: 'requestContextFilter' to: [/*]
2018-04-24 19:17:48.798  INFO 26873 --- [main] com.alibaba.druid.pool.DruidDataSource   : {dataSource-1} inited
2018-04-24 19:17:50.021  INFO 26873 --- [main] s.w.s.m.m.a.RequestMappingHandlerAdapter : Looking for @ControllerAdvice: org.springframework.boot.context.embedded.AnnotationConfigEmbeddedWebApplicationContext@58fdd99: startup date [Tue Apr 24 19:17:43 CST 2018]; root of context hierarchy
2018-04-24 19:17:50.139  INFO 26873 --- [main] s.w.s.m.m.a.RequestMappingHandlerMapping : Mapped "{[/mch_info/edit.html]}" onto public java.lang.String org.xxpay.mgr.controller.MchInfoController.editInput(java.lang.String,org.springframework.ui.ModelMap)
2018-04-24 19:17:50.141  INFO 26873 --- [main] s.w.s.m.m.a.RequestMappingHandlerMapping : Mapped "{[/mch_info/list.html]}" onto public java.lang.String org.xxpay.mgr.controller.MchInfoController.listInput(org.springframework.ui.ModelMap)
2018-04-24 19:17:50.142  INFO 26873 --- [main] s.w.s.m.m.a.RequestMappingHandlerMapping : Mapped "{[/mch_info/view.html]}" onto public java.lang.String org.xxpay.mgr.controller.MchInfoController.viewInput(java.lang.String,org.springframework.ui.ModelMap)
2018-04-24 19:17:50.142  INFO 26873 --- [main] s.w.s.m.m.a.RequestMappingHandlerMapping : Mapped "{[/mch_info/list]}" onto public java.lang.String org.xxpay.mgr.controller.MchInfoController.list(org.xxpay.dal.dao.model.MchInfo,java.lang.Integer,java.lang.Integer)
2018-04-24 19:17:50.143  INFO 26873 --- [main] s.w.s.m.m.a.RequestMappingHandlerMapping : Mapped "{[/mch_info/save],methods=[POST]}" onto public java.lang.String org.xxpay.mgr.controller.MchInfoController.save(java.lang.String)
2018-04-24 19:17:50.145  INFO 26873 --- [main] s.w.s.m.m.a.RequestMappingHandlerMapping : Mapped "{[/mch_notify/list.html]}" onto public java.lang.String org.xxpay.mgr.controller.MchNotifyController.listInput(org.springframework.ui.ModelMap)
2018-04-24 19:17:50.146  INFO 26873 --- [main] s.w.s.m.m.a.RequestMappingHandlerMapping : Mapped "{[/mch_notify/view.html]}" onto public java.lang.String org.xxpay.mgr.controller.MchNotifyController.viewInput(java.lang.String,org.springframework.ui.ModelMap)
2018-04-24 19:17:50.146  INFO 26873 --- [main] s.w.s.m.m.a.RequestMappingHandlerMapping : Mapped "{[/mch_notify/list]}" onto public java.lang.String org.xxpay.mgr.controller.MchNotifyController.list(org.xxpay.dal.dao.model.MchNotify,java.lang.Integer,java.lang.Integer)
2018-04-24 19:17:50.149  INFO 26873 --- [main] s.w.s.m.m.a.RequestMappingHandlerMapping : Mapped "{[/pay_channel/edit.html]}" onto public java.lang.String org.xxpay.mgr.controller.PayChannelController.editInput(java.lang.String,org.springframework.ui.ModelMap)
2018-04-24 19:17:50.150  INFO 26873 --- [main] s.w.s.m.m.a.RequestMappingHandlerMapping : Mapped "{[/pay_channel/list.html]}" onto public java.lang.String org.xxpay.mgr.controller.PayChannelController.listInput(org.springframework.ui.ModelMap)
2018-04-24 19:17:50.151  INFO 26873 --- [main] s.w.s.m.m.a.RequestMappingHandlerMapping : Mapped "{[/pay_channel/view.html]}" onto public java.lang.String org.xxpay.mgr.controller.PayChannelController.viewInput(java.lang.String,org.springframework.ui.ModelMap)
2018-04-24 19:17:50.152  INFO 26873 --- [main] s.w.s.m.m.a.RequestMappingHandlerMapping : Mapped "{[/pay_channel/list]}" onto public java.lang.String org.xxpay.mgr.controller.PayChannelController.list(org.xxpay.dal.dao.model.PayChannel,java.lang.Integer,java.lang.Integer)
2018-04-24 19:17:50.152  INFO 26873 --- [main] s.w.s.m.m.a.RequestMappingHandlerMapping : Mapped "{[/pay_channel/save],methods=[POST]}" onto public java.lang.String org.xxpay.mgr.controller.PayChannelController.save(java.lang.String)
2018-04-24 19:17:50.157  INFO 26873 --- [main] s.w.s.m.m.a.RequestMappingHandlerMapping : Mapped "{[/pay_order/list.html]}" onto public java.lang.String org.xxpay.mgr.controller.PayOrderController.listInput(org.springframework.ui.ModelMap)
2018-04-24 19:17:50.157  INFO 26873 --- [main] s.w.s.m.m.a.RequestMappingHandlerMapping : Mapped "{[/pay_order/view.html]}" onto public java.lang.String org.xxpay.mgr.controller.PayOrderController.viewInput(java.lang.String,org.springframework.ui.ModelMap)
2018-04-24 19:17:50.158  INFO 26873 --- [main] s.w.s.m.m.a.RequestMappingHandlerMapping : Mapped "{[/pay_order/list]}" onto public java.lang.String org.xxpay.mgr.controller.PayOrderController.list(org.xxpay.dal.dao.model.PayOrder,java.lang.Integer,java.lang.Integer)
2018-04-24 19:17:50.160  INFO 26873 --- [main] s.w.s.m.m.a.RequestMappingHandlerMapping : Mapped "{[/refund_order/list.html]}" onto public java.lang.String org.xxpay.mgr.controller.RefundOrderController.listInput(org.springframework.ui.ModelMap)
2018-04-24 19:17:50.161  INFO 26873 --- [main] s.w.s.m.m.a.RequestMappingHandlerMapping : Mapped "{[/refund_order/view.html]}" onto public java.lang.String org.xxpay.mgr.controller.RefundOrderController.viewInput(java.lang.String,org.springframework.ui.ModelMap)
2018-04-24 19:17:50.162  INFO 26873 --- [main] s.w.s.m.m.a.RequestMappingHandlerMapping : Mapped "{[/refund_order/list]}" onto public java.lang.String org.xxpay.mgr.controller.RefundOrderController.list(org.xxpay.dal.dao.model.RefundOrder,java.lang.Integer,java.lang.Integer)
2018-04-24 19:17:50.163  INFO 26873 --- [main] s.w.s.m.m.a.RequestMappingHandlerMapping : Mapped "{[/trans_order/list.html]}" onto public java.lang.String org.xxpay.mgr.controller.TransOrderController.listInput(org.springframework.ui.ModelMap)
2018-04-24 19:17:50.164  INFO 26873 --- [main] s.w.s.m.m.a.RequestMappingHandlerMapping : Mapped "{[/trans_order/view.html]}" onto public java.lang.String org.xxpay.mgr.controller.TransOrderController.viewInput(java.lang.String,org.springframework.ui.ModelMap)
2018-04-24 19:17:50.176  INFO 26873 --- [main] s.w.s.m.m.a.RequestMappingHandlerMapping : Mapped "{[/trans_order/list]}" onto public java.lang.String org.xxpay.mgr.controller.TransOrderController.list(org.xxpay.dal.dao.model.TransOrder,java.lang.Integer,java.lang.Integer)
2018-04-24 19:17:50.183  INFO 26873 --- [main] s.w.s.m.m.a.RequestMappingHandlerMapping : Mapped "{[/error],produces=[text/html]}" onto public org.springframework.web.servlet.ModelAndView org.springframework.boot.autoconfigure.web.BasicErrorController.errorHtml(javax.servlet.http.HttpServletRequest,javax.servlet.http.HttpServletResponse)
2018-04-24 19:17:50.184  INFO 26873 --- [main] s.w.s.m.m.a.RequestMappingHandlerMapping : Mapped "{[/error]}" onto public org.springframework.http.ResponseEntity<java.util.Map<java.lang.String, java.lang.Object>> org.springframework.boot.autoconfigure.web.BasicErrorController.error(javax.servlet.http.HttpServletRequest)
2018-04-24 19:17:50.229  INFO 26873 --- [main] o.s.w.s.handler.SimpleUrlHandlerMapping  : Mapped URL path [/webjars/**] onto handler of type [class org.springframework.web.servlet.resource.ResourceHttpRequestHandler]
2018-04-24 19:17:50.230  INFO 26873 --- [main] o.s.w.s.handler.SimpleUrlHandlerMapping  : Mapped URL path [/**] onto handler of type [class org.springframework.web.servlet.resource.ResourceHttpRequestHandler]
2018-04-24 19:17:50.362  INFO 26873 --- [main] oConfiguration$WelcomePageHandlerMapping : Adding welcome page: class path resource [static/index.html]
2018-04-24 19:17:50.578  INFO 26873 --- [main] o.s.w.s.v.f.FreeMarkerConfigurer         : ClassTemplateLoader for Spring macros added to FreeMarker configuration
2018-04-24 19:17:50.853  INFO 26873 --- [main] o.s.j.e.a.AnnotationMBeanExporter        : Registering beans for JMX exposure on startup
2018-04-24 19:17:50.855  INFO 26873 --- [main] o.s.j.e.a.AnnotationMBeanExporter        : Bean with name 'dataSource' has been autodetected for JMX exposure
2018-04-24 19:17:50.862  INFO 26873 --- [main] o.s.j.e.a.AnnotationMBeanExporter        : Located MBean 'dataSource': registering with JMX server as MBean [com.alibaba.druid.pool:name=dataSource,type=DruidDataSource]
2018-04-24 19:17:50.961  INFO 26873 --- [main] s.b.c.e.t.TomcatEmbeddedServletContainer : Tomcat started on port(s): 8092 (http)
2018-04-24 19:17:50.971  INFO 26873 --- [main] org.xxpay.XxPayMgrApplication            : Started XxPayMgrApplication in 7.961 seconds (JVM running for 8.565)
2018-04-24 19:19:43.437  INFO 26873 --- [Thread-3] ationConfigEmbeddedWebApplicationContext : Closing org.springframework.boot.context.embedded.AnnotationConfigEmbeddedWebApplicationContext@58fdd99: startup date [Tue Apr 24 19:17:43 CST 2018]; root of context hierarchy
2018-04-24 19:19:43.456  INFO 26873 --- [Thread-3] o.s.j.e.a.AnnotationMBeanExporter        : Unregistering JMX-exposed beans on shutdown
2018-04-24 19:19:43.457  INFO 26873 --- [Thread-3] o.s.j.e.a.AnnotationMBeanExporter        : Unregistering JMX-exposed beans
2018-04-24 19:19:43.469  INFO 26873 --- [Thread-3] com.alibaba.druid.pool.DruidDataSource   : {dataSource-1} closed
